20:05:23 debug: 4/9/2024, 8:05:23 PM
20:05:23 debug: Project: C:\Users\DELL\NewProject_1
20:05:23 debug: Targets: editor,preview
20:05:23 debug: Incremental file seems great.
20:05:23 debug: Engine path: C:\ProgramData\cocos\editors\Creator\3.8.2\resources\resources\3d\engine
20:05:23 debug: Initializing target [Editor]
20:05:23 debug: Loading cache
20:05:23 debug: Loading cache costs 3.3713000416755676ms.
20:05:23 debug: Engine features shipped in editor: base,gfx-webgl,gfx-webgl2,gfx-empty,3d,animation,skeletal-animation,2d,ui,particle,particle-2d,physics-framework,physics-2d-framework,physics-2d-box2d-wasm,intersection-2d,primitive,profiler,occlusion-query,geometry-renderer,debug-renderer,audio,video,xr,light-probe,terrain,webview,tween,tiled-map,spine,dragon-bones,marionette,procedural-animation,custom-pipeline,websocket,websocket-server
20:05:23 debug: Our import map(foo:/bar): {
  "imports": {
    "cc": "cce:/internal/x/cc"
  }
}
20:05:23 debug: Initializing target [Preview]
20:05:23 debug: Loading cache
20:05:23 debug: Loading cache costs 2.9557999968528748ms.
20:05:23 debug: Our import map(foo:/bar): {
  "imports": {
    "cc": "cce:/internal/x/cc"
  }
}
20:05:23 debug: Sync engine features: 2d,animation,audio,base,dragon-bones,gfx-webgl,gfx-webgl2,intersection-2d,particle-2d,physics-2d-box2d,profiler,spine,tiled-map,tween,ui,video,webview
20:05:23 debug: Reset databases. Enumerated domains: [
  {
    "root": "db://internal/",
    "physical": "C:\\ProgramData\\cocos\\editors\\Creator\\3.8.2\\resources\\resources\\3d\\engine\\editor\\assets"
  },
  {
    "root": "db://assets/",
    "physical": "C:\\Users\\DELL\\NewProject_1\\assets"
  }
]
20:05:23 debug: Our import map(foo:/bar): {
  "imports": {
    "cc": "cce:/internal/x/cc",
    "db://internal/": "file:///C:/ProgramData/cocos/editors/Creator/3.8.2/resources/resources/3d/engine/editor/assets/",
    "db://assets/": "file:///C:/Users/DELL/NewProject_1/assets/"
  }
}
20:05:23 debug: Our import map(foo:/bar): {
  "imports": {
    "cc": "cce:/internal/x/cc",
    "db://internal/": "file:///C:/ProgramData/cocos/editors/Creator/3.8.2/resources/resources/3d/engine/editor/assets/",
    "db://assets/": "file:///C:/Users/DELL/NewProject_1/assets/"
  }
}
20:05:23 debug: Pulling asset-db.
20:05:23 debug: Fetch asset-db cost: 21.549499988555908ms.
20:05:23 debug: Build iteration starts.
Number of accumulated asset changes: 8
Feature changed: false
20:05:23 debug: Target(editor) build started.
20:05:23 debug: Detected change: cce:/internal/x/cc. Last mtime: Thu Jan 01 1970 05:30:14 GMT+0530 (India Standard Time), Current mtime: Thu Jan 01 1970 05:30:14 GMT+0530 (India Standard Time)
20:05:23 debug: Inspect cce:/internal/x/cc
20:05:23 debug: Resolve cce:/internal/x/cc-fu/base from cce:/internal/x/cc as external dependency cce:/internal/x/cc-fu/base.
20:05:23 debug: Resolve cce:/internal/x/cc-fu/gfx-webgl from cce:/internal/x/cc as external dependency cce:/internal/x/cc-fu/gfx-webgl.
20:05:23 debug: Resolve cce:/internal/x/cc-fu/gfx-webgl2 from cce:/internal/x/cc as external dependency cce:/internal/x/cc-fu/gfx-webgl2.
20:05:23 debug: Resolve cce:/internal/x/cc-fu/gfx-empty from cce:/internal/x/cc as external dependency cce:/internal/x/cc-fu/gfx-empty.
20:05:23 debug: Resolve cce:/internal/x/cc-fu/3d from cce:/internal/x/cc as external dependency cce:/internal/x/cc-fu/3d.
20:05:23 debug: Resolve cce:/internal/x/cc-fu/animation from cce:/internal/x/cc as external dependency cce:/internal/x/cc-fu/animation.
20:05:23 debug: Resolve cce:/internal/x/cc-fu/skeletal-animation from cce:/internal/x/cc as external dependency cce:/internal/x/cc-fu/skeletal-animation.
20:05:23 debug: Resolve cce:/internal/x/cc-fu/2d from cce:/internal/x/cc as external dependency cce:/internal/x/cc-fu/2d.
20:05:23 debug: Resolve cce:/internal/x/cc-fu/sorting from cce:/internal/x/cc as external dependency cce:/internal/x/cc-fu/sorting.
20:05:23 debug: Resolve cce:/internal/x/cc-fu/ui from cce:/internal/x/cc as external dependency cce:/internal/x/cc-fu/ui.
20:05:23 debug: Resolve cce:/internal/x/cc-fu/particle from cce:/internal/x/cc as external dependency cce:/internal/x/cc-fu/particle.
20:05:23 debug: Resolve cce:/internal/x/cc-fu/particle-2d from cce:/internal/x/cc as external dependency cce:/internal/x/cc-fu/particle-2d.
20:05:23 debug: Resolve cce:/internal/x/cc-fu/physics-framework from cce:/internal/x/cc as external dependency cce:/internal/x/cc-fu/physics-framework.
20:05:23 debug: Resolve cce:/internal/x/cc-fu/physics-2d-framework from cce:/internal/x/cc as external dependency cce:/internal/x/cc-fu/physics-2d-framework.
20:05:23 debug: Resolve cce:/internal/x/cc-fu/physics-2d-box2d-wasm from cce:/internal/x/cc as external dependency cce:/internal/x/cc-fu/physics-2d-box2d-wasm.
20:05:23 debug: Resolve cce:/internal/x/cc-fu/intersection-2d from cce:/internal/x/cc as external dependency cce:/internal/x/cc-fu/intersection-2d.
20:05:23 debug: Resolve cce:/internal/x/cc-fu/primitive from cce:/internal/x/cc as external dependency cce:/internal/x/cc-fu/primitive.
20:05:23 debug: Resolve cce:/internal/x/cc-fu/profiler from cce:/internal/x/cc as external dependency cce:/internal/x/cc-fu/profiler.
20:05:23 debug: Resolve cce:/internal/x/cc-fu/geometry-renderer from cce:/internal/x/cc as external dependency cce:/internal/x/cc-fu/geometry-renderer.
20:05:23 debug: Resolve cce:/internal/x/cc-fu/audio from cce:/internal/x/cc as external dependency cce:/internal/x/cc-fu/audio.
20:05:23 debug: Resolve cce:/internal/x/cc-fu/video from cce:/internal/x/cc as external dependency cce:/internal/x/cc-fu/video.
20:05:23 debug: Resolve cce:/internal/x/cc-fu/xr from cce:/internal/x/cc as external dependency cce:/internal/x/cc-fu/xr.
20:05:23 debug: Resolve cce:/internal/x/cc-fu/light-probe from cce:/internal/x/cc as external dependency cce:/internal/x/cc-fu/light-probe.
20:05:23 debug: Resolve cce:/internal/x/cc-fu/terrain from cce:/internal/x/cc as external dependency cce:/internal/x/cc-fu/terrain.
20:05:23 debug: Resolve cce:/internal/x/cc-fu/webview from cce:/internal/x/cc as external dependency cce:/internal/x/cc-fu/webview.
20:05:23 debug: Resolve cce:/internal/x/cc-fu/tween from cce:/internal/x/cc as external dependency cce:/internal/x/cc-fu/tween.
20:05:23 debug: Resolve cce:/internal/x/cc-fu/tiled-map from cce:/internal/x/cc as external dependency cce:/internal/x/cc-fu/tiled-map.
20:05:23 debug: Resolve cce:/internal/x/cc-fu/spine from cce:/internal/x/cc as external dependency cce:/internal/x/cc-fu/spine.
20:05:23 debug: Resolve cce:/internal/x/cc-fu/dragon-bones from cce:/internal/x/cc as external dependency cce:/internal/x/cc-fu/dragon-bones.
20:05:23 debug: Resolve cce:/internal/x/cc-fu/custom-pipeline from cce:/internal/x/cc as external dependency cce:/internal/x/cc-fu/custom-pipeline.
20:05:23 debug: Detected change: cce:/internal/x/prerequisite-imports. Last mtime: Thu Jan 01 1970 05:30:19 GMT+0530 (India Standard Time), Current mtime: Thu Jan 01 1970 05:30:14 GMT+0530 (India Standard Time)
20:05:23 debug: Inspect cce:/internal/x/prerequisite-imports
20:05:23 debug: Resolve file:///C:/ProgramData/cocos/editors/Creator/3.8.2/resources/resources/3d/engine/editor/assets/tools/debug-view-runtime-control.ts from cce:/internal/x/prerequisite-imports as file:///C:/ProgramData/cocos/editors/Creator/3.8.2/resources/resources/3d/engine/editor/assets/tools/debug-view-runtime-control.ts.
20:05:23 debug: Resolve cc from file:///C:/ProgramData/cocos/editors/Creator/3.8.2/resources/resources/3d/engine/editor/assets/tools/debug-view-runtime-control.ts as cce:/internal/x/cc.
20:05:23 debug: Resolve cc from file:///C:/ProgramData/cocos/editors/Creator/3.8.2/resources/resources/3d/engine/editor/assets/tools/debug-view-runtime-control.ts as cce:/internal/x/cc.
20:05:23 debug: Resolve cc from file:///C:/ProgramData/cocos/editors/Creator/3.8.2/resources/resources/3d/engine/editor/assets/tools/debug-view-runtime-control.ts as cce:/internal/x/cc.
20:05:23 debug: Resolve file:///C:/Users/DELL/NewProject_1/assets/Scripts/Bird.ts from cce:/internal/x/prerequisite-imports as file:///C:/Users/DELL/NewProject_1/assets/Scripts/Bird.ts.
20:05:23 debug: Resolve cc from file:///C:/Users/DELL/NewProject_1/assets/Scripts/Bird.ts as cce:/internal/x/cc.
20:05:23 debug: Resolve cc from file:///C:/Users/DELL/NewProject_1/assets/Scripts/Bird.ts as cce:/internal/x/cc.
20:05:23 debug: Resolve cc from file:///C:/Users/DELL/NewProject_1/assets/Scripts/Bird.ts as cce:/internal/x/cc.
20:05:23 debug: Resolve file:///C:/Users/DELL/NewProject_1/assets/Scripts/BirdAudio.ts from cce:/internal/x/prerequisite-imports as file:///C:/Users/DELL/NewProject_1/assets/Scripts/BirdAudio.ts.
20:05:23 debug: Resolve cc from file:///C:/Users/DELL/NewProject_1/assets/Scripts/BirdAudio.ts as cce:/internal/x/cc.
20:05:23 debug: Resolve cc from file:///C:/Users/DELL/NewProject_1/assets/Scripts/BirdAudio.ts as cce:/internal/x/cc.
20:05:23 debug: Resolve cc from file:///C:/Users/DELL/NewProject_1/assets/Scripts/BirdAudio.ts as cce:/internal/x/cc.
20:05:23 debug: Resolve file:///C:/Users/DELL/NewProject_1/assets/Scripts/GameCtrl.ts from cce:/internal/x/prerequisite-imports as file:///C:/Users/DELL/NewProject_1/assets/Scripts/GameCtrl.ts.
20:05:23 debug: Resolve cce:/internal/code-quality/cr.mjs from file:///C:/Users/DELL/NewProject_1/assets/Scripts/GameCtrl.ts as cce:/internal/code-quality/cr.mjs.
20:05:23 debug: Detected change: cce:/internal/code-quality/cr.mjs. Last mtime: Tue Apr 09 2024 19:41:14 GMT+0530 (India Standard Time), Current mtime: Tue Apr 09 2024 20:05:09 GMT+0530 (India Standard Time)
20:05:23 debug: Inspect cce:/internal/code-quality/cr.mjs
20:05:23 debug: Resolve cc from file:///C:/Users/DELL/NewProject_1/assets/Scripts/GameCtrl.ts as cce:/internal/x/cc.
20:05:23 debug: Resolve cc from file:///C:/Users/DELL/NewProject_1/assets/Scripts/GameCtrl.ts as cce:/internal/x/cc.
20:05:23 debug: Resolve cc from file:///C:/Users/DELL/NewProject_1/assets/Scripts/GameCtrl.ts as cce:/internal/x/cc.
20:05:23 debug: Resolve ./Ground from file:///C:/Users/DELL/NewProject_1/assets/Scripts/GameCtrl.ts as file:///C:/Users/DELL/NewProject_1/assets/Scripts/Ground.ts.
20:05:23 debug: Resolve cce:/internal/code-quality/cr.mjs from file:///C:/Users/DELL/NewProject_1/assets/Scripts/Ground.ts as cce:/internal/code-quality/cr.mjs.
20:05:23 debug: Resolve cc from file:///C:/Users/DELL/NewProject_1/assets/Scripts/Ground.ts as cce:/internal/x/cc.
20:05:23 debug: Resolve cc from file:///C:/Users/DELL/NewProject_1/assets/Scripts/Ground.ts as cce:/internal/x/cc.
20:05:23 debug: Resolve cc from file:///C:/Users/DELL/NewProject_1/assets/Scripts/Ground.ts as cce:/internal/x/cc.
20:05:23 debug: Resolve ./GameCtrl from file:///C:/Users/DELL/NewProject_1/assets/Scripts/Ground.ts as file:///C:/Users/DELL/NewProject_1/assets/Scripts/GameCtrl.ts.
20:05:23 debug: Resolve ./Results from file:///C:/Users/DELL/NewProject_1/assets/Scripts/GameCtrl.ts as file:///C:/Users/DELL/NewProject_1/assets/Scripts/Results.ts.
20:05:23 debug: Resolve cc from file:///C:/Users/DELL/NewProject_1/assets/Scripts/Results.ts as cce:/internal/x/cc.
20:05:23 debug: Resolve cc from file:///C:/Users/DELL/NewProject_1/assets/Scripts/Results.ts as cce:/internal/x/cc.
20:05:23 debug: Resolve cc from file:///C:/Users/DELL/NewProject_1/assets/Scripts/Results.ts as cce:/internal/x/cc.
20:05:23 debug: Resolve ./Bird from file:///C:/Users/DELL/NewProject_1/assets/Scripts/GameCtrl.ts as file:///C:/Users/DELL/NewProject_1/assets/Scripts/Bird.ts.
20:05:23 debug: Resolve ./PipePool from file:///C:/Users/DELL/NewProject_1/assets/Scripts/GameCtrl.ts as file:///C:/Users/DELL/NewProject_1/assets/Scripts/PipePool.ts.
20:05:23 debug: Resolve cc from file:///C:/Users/DELL/NewProject_1/assets/Scripts/PipePool.ts as cce:/internal/x/cc.
20:05:23 debug: Resolve cc from file:///C:/Users/DELL/NewProject_1/assets/Scripts/PipePool.ts as cce:/internal/x/cc.
20:05:23 debug: Resolve cc from file:///C:/Users/DELL/NewProject_1/assets/Scripts/PipePool.ts as cce:/internal/x/cc.
20:05:23 debug: Resolve ./BirdAudio from file:///C:/Users/DELL/NewProject_1/assets/Scripts/GameCtrl.ts as file:///C:/Users/DELL/NewProject_1/assets/Scripts/BirdAudio.ts.
20:05:23 debug: Resolve file:///C:/Users/DELL/NewProject_1/assets/Scripts/Ground.ts from cce:/internal/x/prerequisite-imports as file:///C:/Users/DELL/NewProject_1/assets/Scripts/Ground.ts.
20:05:23 debug: Resolve file:///C:/Users/DELL/NewProject_1/assets/Scripts/PipePool.ts from cce:/internal/x/prerequisite-imports as file:///C:/Users/DELL/NewProject_1/assets/Scripts/PipePool.ts.
20:05:23 debug: Resolve file:///C:/Users/DELL/NewProject_1/assets/Scripts/Pipes.ts from cce:/internal/x/prerequisite-imports as file:///C:/Users/DELL/NewProject_1/assets/Scripts/Pipes.ts.
20:05:23 debug: Resolve cc from file:///C:/Users/DELL/NewProject_1/assets/Scripts/Pipes.ts as cce:/internal/x/cc.
20:05:23 debug: Resolve cc from file:///C:/Users/DELL/NewProject_1/assets/Scripts/Pipes.ts as cce:/internal/x/cc.
20:05:23 debug: Resolve cc from file:///C:/Users/DELL/NewProject_1/assets/Scripts/Pipes.ts as cce:/internal/x/cc.
20:05:23 debug: Resolve file:///C:/Users/DELL/NewProject_1/assets/Scripts/Results.ts from cce:/internal/x/prerequisite-imports as file:///C:/Users/DELL/NewProject_1/assets/Scripts/Results.ts.
20:05:23 debug: Target(editor) ends with cost 234.40520000457764ms.
20:05:23 debug: Target(preview) build started.
20:05:23 debug: Detected change: cce:/internal/x/cc. Last mtime: Thu Jan 01 1970 05:30:14 GMT+0530 (India Standard Time), Current mtime: Thu Jan 01 1970 05:30:14 GMT+0530 (India Standard Time)
20:05:23 debug: Inspect cce:/internal/x/cc
20:05:23 debug: Resolve cce:/internal/x/cc-fu/2d from cce:/internal/x/cc as external dependency cce:/internal/x/cc-fu/2d.
20:05:23 debug: Resolve cce:/internal/x/cc-fu/sorting from cce:/internal/x/cc as external dependency cce:/internal/x/cc-fu/sorting.
20:05:23 debug: Resolve cce:/internal/x/cc-fu/animation from cce:/internal/x/cc as external dependency cce:/internal/x/cc-fu/animation.
20:05:23 debug: Resolve cce:/internal/x/cc-fu/audio from cce:/internal/x/cc as external dependency cce:/internal/x/cc-fu/audio.
20:05:23 debug: Resolve cce:/internal/x/cc-fu/base from cce:/internal/x/cc as external dependency cce:/internal/x/cc-fu/base.
20:05:23 debug: Resolve cce:/internal/x/cc-fu/dragon-bones from cce:/internal/x/cc as external dependency cce:/internal/x/cc-fu/dragon-bones.
20:05:23 debug: Resolve cce:/internal/x/cc-fu/gfx-webgl from cce:/internal/x/cc as external dependency cce:/internal/x/cc-fu/gfx-webgl.
20:05:23 debug: Resolve cce:/internal/x/cc-fu/gfx-webgl2 from cce:/internal/x/cc as external dependency cce:/internal/x/cc-fu/gfx-webgl2.
20:05:23 debug: Resolve cce:/internal/x/cc-fu/intersection-2d from cce:/internal/x/cc as external dependency cce:/internal/x/cc-fu/intersection-2d.
20:05:23 debug: Resolve cce:/internal/x/cc-fu/particle-2d from cce:/internal/x/cc as external dependency cce:/internal/x/cc-fu/particle-2d.
20:05:23 debug: Resolve cce:/internal/x/cc-fu/physics-2d-box2d from cce:/internal/x/cc as external dependency cce:/internal/x/cc-fu/physics-2d-box2d.
20:05:23 debug: Resolve cce:/internal/x/cc-fu/physics-2d-framework from cce:/internal/x/cc as external dependency cce:/internal/x/cc-fu/physics-2d-framework.
20:05:23 debug: Resolve cce:/internal/x/cc-fu/profiler from cce:/internal/x/cc as external dependency cce:/internal/x/cc-fu/profiler.
20:05:23 debug: Resolve cce:/internal/x/cc-fu/spine from cce:/internal/x/cc as external dependency cce:/internal/x/cc-fu/spine.
20:05:23 debug: Resolve cce:/internal/x/cc-fu/tiled-map from cce:/internal/x/cc as external dependency cce:/internal/x/cc-fu/tiled-map.
20:05:23 debug: Resolve cce:/internal/x/cc-fu/tween from cce:/internal/x/cc as external dependency cce:/internal/x/cc-fu/tween.
20:05:23 debug: Resolve cce:/internal/x/cc-fu/ui from cce:/internal/x/cc as external dependency cce:/internal/x/cc-fu/ui.
20:05:23 debug: Resolve cce:/internal/x/cc-fu/video from cce:/internal/x/cc as external dependency cce:/internal/x/cc-fu/video.
20:05:23 debug: Resolve cce:/internal/x/cc-fu/webview from cce:/internal/x/cc as external dependency cce:/internal/x/cc-fu/webview.
20:05:23 debug: Detected change: cce:/internal/x/prerequisite-imports. Last mtime: Thu Jan 01 1970 05:30:19 GMT+0530 (India Standard Time), Current mtime: Thu Jan 01 1970 05:30:14 GMT+0530 (India Standard Time)
20:05:23 debug: Inspect cce:/internal/x/prerequisite-imports
20:05:23 debug: Resolve file:///C:/ProgramData/cocos/editors/Creator/3.8.2/resources/resources/3d/engine/editor/assets/tools/debug-view-runtime-control.ts from cce:/internal/x/prerequisite-imports as file:///C:/ProgramData/cocos/editors/Creator/3.8.2/resources/resources/3d/engine/editor/assets/tools/debug-view-runtime-control.ts.
20:05:23 debug: Resolve cc from file:///C:/ProgramData/cocos/editors/Creator/3.8.2/resources/resources/3d/engine/editor/assets/tools/debug-view-runtime-control.ts as cce:/internal/x/cc.
20:05:23 debug: Resolve cc from file:///C:/ProgramData/cocos/editors/Creator/3.8.2/resources/resources/3d/engine/editor/assets/tools/debug-view-runtime-control.ts as cce:/internal/x/cc.
20:05:23 debug: Resolve cc from file:///C:/ProgramData/cocos/editors/Creator/3.8.2/resources/resources/3d/engine/editor/assets/tools/debug-view-runtime-control.ts as cce:/internal/x/cc.
20:05:23 debug: Resolve file:///C:/Users/DELL/NewProject_1/assets/Scripts/Bird.ts from cce:/internal/x/prerequisite-imports as file:///C:/Users/DELL/NewProject_1/assets/Scripts/Bird.ts.
20:05:23 debug: Resolve cc from file:///C:/Users/DELL/NewProject_1/assets/Scripts/Bird.ts as cce:/internal/x/cc.
20:05:23 debug: Resolve cc from file:///C:/Users/DELL/NewProject_1/assets/Scripts/Bird.ts as cce:/internal/x/cc.
20:05:23 debug: Resolve cc from file:///C:/Users/DELL/NewProject_1/assets/Scripts/Bird.ts as cce:/internal/x/cc.
20:05:23 debug: Resolve file:///C:/Users/DELL/NewProject_1/assets/Scripts/BirdAudio.ts from cce:/internal/x/prerequisite-imports as file:///C:/Users/DELL/NewProject_1/assets/Scripts/BirdAudio.ts.
20:05:23 debug: Resolve cc from file:///C:/Users/DELL/NewProject_1/assets/Scripts/BirdAudio.ts as cce:/internal/x/cc.
20:05:23 debug: Resolve cc from file:///C:/Users/DELL/NewProject_1/assets/Scripts/BirdAudio.ts as cce:/internal/x/cc.
20:05:23 debug: Resolve cc from file:///C:/Users/DELL/NewProject_1/assets/Scripts/BirdAudio.ts as cce:/internal/x/cc.
20:05:23 debug: Resolve file:///C:/Users/DELL/NewProject_1/assets/Scripts/GameCtrl.ts from cce:/internal/x/prerequisite-imports as file:///C:/Users/DELL/NewProject_1/assets/Scripts/GameCtrl.ts.
20:05:23 debug: Resolve cce:/internal/code-quality/cr.mjs from file:///C:/Users/DELL/NewProject_1/assets/Scripts/GameCtrl.ts as cce:/internal/code-quality/cr.mjs.
20:05:23 debug: Detected change: cce:/internal/code-quality/cr.mjs. Last mtime: Tue Apr 09 2024 19:41:14 GMT+0530 (India Standard Time), Current mtime: Tue Apr 09 2024 20:05:09 GMT+0530 (India Standard Time)
20:05:23 debug: Inspect cce:/internal/code-quality/cr.mjs
20:05:23 debug: Resolve cc from file:///C:/Users/DELL/NewProject_1/assets/Scripts/GameCtrl.ts as cce:/internal/x/cc.
20:05:23 debug: Resolve cc from file:///C:/Users/DELL/NewProject_1/assets/Scripts/GameCtrl.ts as cce:/internal/x/cc.
20:05:23 debug: Resolve cc from file:///C:/Users/DELL/NewProject_1/assets/Scripts/GameCtrl.ts as cce:/internal/x/cc.
20:05:23 debug: Resolve ./Ground from file:///C:/Users/DELL/NewProject_1/assets/Scripts/GameCtrl.ts as file:///C:/Users/DELL/NewProject_1/assets/Scripts/Ground.ts.
20:05:23 debug: Resolve cce:/internal/code-quality/cr.mjs from file:///C:/Users/DELL/NewProject_1/assets/Scripts/Ground.ts as cce:/internal/code-quality/cr.mjs.
20:05:23 debug: Resolve cc from file:///C:/Users/DELL/NewProject_1/assets/Scripts/Ground.ts as cce:/internal/x/cc.
20:05:23 debug: Resolve cc from file:///C:/Users/DELL/NewProject_1/assets/Scripts/Ground.ts as cce:/internal/x/cc.
20:05:23 debug: Resolve cc from file:///C:/Users/DELL/NewProject_1/assets/Scripts/Ground.ts as cce:/internal/x/cc.
20:05:23 debug: Resolve ./GameCtrl from file:///C:/Users/DELL/NewProject_1/assets/Scripts/Ground.ts as file:///C:/Users/DELL/NewProject_1/assets/Scripts/GameCtrl.ts.
20:05:23 debug: Resolve ./Results from file:///C:/Users/DELL/NewProject_1/assets/Scripts/GameCtrl.ts as file:///C:/Users/DELL/NewProject_1/assets/Scripts/Results.ts.
20:05:23 debug: Resolve cc from file:///C:/Users/DELL/NewProject_1/assets/Scripts/Results.ts as cce:/internal/x/cc.
20:05:23 debug: Resolve cc from file:///C:/Users/DELL/NewProject_1/assets/Scripts/Results.ts as cce:/internal/x/cc.
20:05:23 debug: Resolve cc from file:///C:/Users/DELL/NewProject_1/assets/Scripts/Results.ts as cce:/internal/x/cc.
20:05:23 debug: Resolve ./Bird from file:///C:/Users/DELL/NewProject_1/assets/Scripts/GameCtrl.ts as file:///C:/Users/DELL/NewProject_1/assets/Scripts/Bird.ts.
20:05:23 debug: Resolve ./PipePool from file:///C:/Users/DELL/NewProject_1/assets/Scripts/GameCtrl.ts as file:///C:/Users/DELL/NewProject_1/assets/Scripts/PipePool.ts.
20:05:23 debug: Resolve cc from file:///C:/Users/DELL/NewProject_1/assets/Scripts/PipePool.ts as cce:/internal/x/cc.
20:05:23 debug: Resolve cc from file:///C:/Users/DELL/NewProject_1/assets/Scripts/PipePool.ts as cce:/internal/x/cc.
20:05:23 debug: Resolve cc from file:///C:/Users/DELL/NewProject_1/assets/Scripts/PipePool.ts as cce:/internal/x/cc.
20:05:23 debug: Resolve ./BirdAudio from file:///C:/Users/DELL/NewProject_1/assets/Scripts/GameCtrl.ts as file:///C:/Users/DELL/NewProject_1/assets/Scripts/BirdAudio.ts.
20:05:23 debug: Resolve file:///C:/Users/DELL/NewProject_1/assets/Scripts/Ground.ts from cce:/internal/x/prerequisite-imports as file:///C:/Users/DELL/NewProject_1/assets/Scripts/Ground.ts.
20:05:23 debug: Resolve file:///C:/Users/DELL/NewProject_1/assets/Scripts/PipePool.ts from cce:/internal/x/prerequisite-imports as file:///C:/Users/DELL/NewProject_1/assets/Scripts/PipePool.ts.
20:05:23 debug: Resolve file:///C:/Users/DELL/NewProject_1/assets/Scripts/Pipes.ts from cce:/internal/x/prerequisite-imports as file:///C:/Users/DELL/NewProject_1/assets/Scripts/Pipes.ts.
20:05:23 debug: Resolve cc from file:///C:/Users/DELL/NewProject_1/assets/Scripts/Pipes.ts as cce:/internal/x/cc.
20:05:23 debug: Resolve cc from file:///C:/Users/DELL/NewProject_1/assets/Scripts/Pipes.ts as cce:/internal/x/cc.
20:05:23 debug: Resolve cc from file:///C:/Users/DELL/NewProject_1/assets/Scripts/Pipes.ts as cce:/internal/x/cc.
20:05:23 debug: Resolve file:///C:/Users/DELL/NewProject_1/assets/Scripts/Results.ts from cce:/internal/x/prerequisite-imports as file:///C:/Users/DELL/NewProject_1/assets/Scripts/Results.ts.
20:05:23 debug: Target(preview) ends with cost 238.67120003700256ms.
20:05:24 debug: Pulling asset-db.
20:05:25 debug: Fetch asset-db cost: 1354.0054000020027ms.
20:05:25 debug: Build iteration starts.
Number of accumulated asset changes: 8
Feature changed: false
20:05:25 debug: Target(editor) build started.
20:05:25 debug: Detected change: cce:/internal/x/prerequisite-imports. Last mtime: Thu Jan 01 1970 05:30:14 GMT+0530 (India Standard Time), Current mtime: Thu Jan 01 1970 05:30:16 GMT+0530 (India Standard Time)
20:05:25 debug: Inspect cce:/internal/x/prerequisite-imports
20:05:25 debug: Resolve file:///C:/ProgramData/cocos/editors/Creator/3.8.2/resources/resources/3d/engine/editor/assets/tools/debug-view-runtime-control.ts from cce:/internal/x/prerequisite-imports as file:///C:/ProgramData/cocos/editors/Creator/3.8.2/resources/resources/3d/engine/editor/assets/tools/debug-view-runtime-control.ts.
20:05:25 debug: Resolve file:///C:/Users/DELL/NewProject_1/assets/Scripts/Bird.ts from cce:/internal/x/prerequisite-imports as file:///C:/Users/DELL/NewProject_1/assets/Scripts/Bird.ts.
20:05:25 debug: Resolve file:///C:/Users/DELL/NewProject_1/assets/Scripts/BirdAudio.ts from cce:/internal/x/prerequisite-imports as file:///C:/Users/DELL/NewProject_1/assets/Scripts/BirdAudio.ts.
20:05:25 debug: Resolve file:///C:/Users/DELL/NewProject_1/assets/Scripts/GameCtrl.ts from cce:/internal/x/prerequisite-imports as file:///C:/Users/DELL/NewProject_1/assets/Scripts/GameCtrl.ts.
20:05:25 debug: Resolve file:///C:/Users/DELL/NewProject_1/assets/Scripts/Ground.ts from cce:/internal/x/prerequisite-imports as file:///C:/Users/DELL/NewProject_1/assets/Scripts/Ground.ts.
20:05:25 debug: Resolve file:///C:/Users/DELL/NewProject_1/assets/Scripts/PipePool.ts from cce:/internal/x/prerequisite-imports as file:///C:/Users/DELL/NewProject_1/assets/Scripts/PipePool.ts.
20:05:25 debug: Resolve file:///C:/Users/DELL/NewProject_1/assets/Scripts/Pipes.ts from cce:/internal/x/prerequisite-imports as file:///C:/Users/DELL/NewProject_1/assets/Scripts/Pipes.ts.
20:05:25 debug: Resolve file:///C:/Users/DELL/NewProject_1/assets/Scripts/Results.ts from cce:/internal/x/prerequisite-imports as file:///C:/Users/DELL/NewProject_1/assets/Scripts/Results.ts.
20:05:25 debug: Target(editor) ends with cost 166.42239999771118ms.
20:05:25 debug: Target(preview) build started.
20:05:25 debug: Detected change: cce:/internal/x/prerequisite-imports. Last mtime: Thu Jan 01 1970 05:30:14 GMT+0530 (India Standard Time), Current mtime: Thu Jan 01 1970 05:30:16 GMT+0530 (India Standard Time)
20:05:25 debug: Inspect cce:/internal/x/prerequisite-imports
20:05:25 debug: Resolve file:///C:/ProgramData/cocos/editors/Creator/3.8.2/resources/resources/3d/engine/editor/assets/tools/debug-view-runtime-control.ts from cce:/internal/x/prerequisite-imports as file:///C:/ProgramData/cocos/editors/Creator/3.8.2/resources/resources/3d/engine/editor/assets/tools/debug-view-runtime-control.ts.
20:05:25 debug: Resolve file:///C:/Users/DELL/NewProject_1/assets/Scripts/Bird.ts from cce:/internal/x/prerequisite-imports as file:///C:/Users/DELL/NewProject_1/assets/Scripts/Bird.ts.
20:05:25 debug: Resolve file:///C:/Users/DELL/NewProject_1/assets/Scripts/BirdAudio.ts from cce:/internal/x/prerequisite-imports as file:///C:/Users/DELL/NewProject_1/assets/Scripts/BirdAudio.ts.
20:05:25 debug: Resolve file:///C:/Users/DELL/NewProject_1/assets/Scripts/GameCtrl.ts from cce:/internal/x/prerequisite-imports as file:///C:/Users/DELL/NewProject_1/assets/Scripts/GameCtrl.ts.
20:05:25 debug: Resolve file:///C:/Users/DELL/NewProject_1/assets/Scripts/Ground.ts from cce:/internal/x/prerequisite-imports as file:///C:/Users/DELL/NewProject_1/assets/Scripts/Ground.ts.
20:05:25 debug: Resolve file:///C:/Users/DELL/NewProject_1/assets/Scripts/PipePool.ts from cce:/internal/x/prerequisite-imports as file:///C:/Users/DELL/NewProject_1/assets/Scripts/PipePool.ts.
20:05:25 debug: Resolve file:///C:/Users/DELL/NewProject_1/assets/Scripts/Pipes.ts from cce:/internal/x/prerequisite-imports as file:///C:/Users/DELL/NewProject_1/assets/Scripts/Pipes.ts.
20:05:25 debug: Resolve file:///C:/Users/DELL/NewProject_1/assets/Scripts/Results.ts from cce:/internal/x/prerequisite-imports as file:///C:/Users/DELL/NewProject_1/assets/Scripts/Results.ts.
20:05:25 debug: Target(preview) ends with cost 102.13719999790192ms.
