4-9-2024 19:41:21-log: Cannot access game frame or container.
4-9-2024 19:41:21-debug: asset-db:require-engine-code (1465ms)
4-9-2024 19:41:21-log: meshopt wasm decoder initialized
4-9-2024 19:41:21-log: [box2d]:box2d wasm lib loaded.
4-9-2024 19:41:22-log: [bullet]:bullet wasm lib loaded.
4-9-2024 19:41:23-debug: [Assets Memory track]: asset-db:worker-init: initEngine start:23.46MB, end 106.21MB, increase: 82.75MB
4-9-2024 19:41:24-debug: [Assets Memory track]: asset-db-plugin-register: programming start:106.88MB, end 109.62MB, increase: 2.74MB
4-9-2024 19:41:27-debug: [Assets Memory track]: asset-db-plugin-enable: builder start:110.15MB, end 237.31MB, increase: 127.16MB
4-9-2024 19:41:27-debug: [Assets Memory track]: asset-db-plugin-register: engine-extends start:109.67MB, end 240.48MB, increase: 130.80MB
4-9-2024 19:41:23-log: Cocos Creator v3.8.2
4-9-2024 19:41:27-debug: [Assets Memory track]: asset-db-plugin-enable: project start:109.80MB, end 240.48MB, increase: 130.68MB
4-9-2024 19:41:27-debug: [Assets Memory track]: asset-db:worker-init: initPlugin start:106.22MB, end 240.48MB, increase: 134.27MB
4-9-2024 19:41:27-debug: run package(crash-reporter) handler(enable) start
4-9-2024 19:41:27-debug: run package(crash-reporter) handler(enable) success!
4-9-2024 19:41:27-debug: run package(extension) handler(enable) start
4-9-2024 19:41:27-debug: run package(extension) handler(enable) success!
4-9-2024 19:41:27-debug: run package(hierarchy) handler(enable) start
4-9-2024 19:41:27-debug: run package(hierarchy) handler(enable) success!
4-9-2024 19:41:27-debug: run package(light-probe) handler(enable) start
4-9-2024 19:41:27-debug: run package(inspector) handler(enable) success!
4-9-2024 19:41:27-debug: run package(light-probe) handler(enable) success!
4-9-2024 19:41:27-debug: run package(lightmap) handler(enable) success!
4-9-2024 19:41:27-debug: run package(node-library) handler(enable) start
4-9-2024 19:41:27-debug: run package(lightmap) handler(enable) start
4-9-2024 19:41:27-debug: run package(inspector) handler(enable) start
4-9-2024 19:41:27-debug: run package(node-library) handler(enable) success!
4-9-2024 19:41:27-debug: run package(package-asset) handler(enable) success!
4-9-2024 19:41:27-debug: run package(process) handler(enable) start
4-9-2024 19:41:27-debug: run package(package-asset) handler(enable) start
4-9-2024 19:41:27-debug: run package(reference-image) handler(enable) start
4-9-2024 19:41:27-debug: run package(reference-image) handler(enable) success!
4-9-2024 19:41:27-debug: run package(reflection-probe) handler(enable) start
4-9-2024 19:41:27-debug: run package(process) handler(enable) success!
4-9-2024 19:41:27-debug: run package(reflection-probe) handler(enable) success!
4-9-2024 19:41:27-debug: run package(engine-extends) handler(enable) start
4-9-2024 19:41:27-debug: run package(engine-extends) handler(enable) success!
4-9-2024 19:41:27-debug: run package(adsense-h5g-plugin) handler(enable) success!
4-9-2024 19:41:27-debug: run package(adsense-h5g-plugin) handler(enable) start
4-9-2024 19:41:27-debug: run package(alipay-mini-game) handler(enable) success!
4-9-2024 19:41:27-debug: run package(alipay-mini-game) handler(enable) start
4-9-2024 19:41:27-debug: run package(android) handler(enable) start
4-9-2024 19:41:27-debug: run package(android) handler(enable) success!
4-9-2024 19:41:27-debug: run package(bytedance-mini-game) handler(enable) success!
4-9-2024 19:41:27-debug: run package(certificate) handler(enable) start
4-9-2024 19:41:27-debug: run package(bytedance-mini-game) handler(enable) start
4-9-2024 19:41:27-debug: run package(certificate) handler(enable) success!
4-9-2024 19:41:27-debug: run package(channel-upload-tools) handler(enable) start
4-9-2024 19:41:27-debug: run package(fb-instant-games) handler(enable) success!
4-9-2024 19:41:27-debug: run package(huawei-agc) handler(enable) start
4-9-2024 19:41:27-debug: run package(channel-upload-tools) handler(enable) success!
4-9-2024 19:41:27-debug: run package(huawei-agc) handler(enable) success!
4-9-2024 19:41:27-debug: run package(huawei-quick-game) handler(enable) start
4-9-2024 19:41:27-debug: run package(ios) handler(enable) start
4-9-2024 19:41:27-debug: run package(fb-instant-games) handler(enable) start
4-9-2024 19:41:27-debug: run package(huawei-quick-game) handler(enable) success!
4-9-2024 19:41:27-debug: run package(ios) handler(enable) success!
4-9-2024 19:41:27-debug: run package(linux) handler(enable) start
4-9-2024 19:41:27-debug: run package(linux) handler(enable) success!
4-9-2024 19:41:27-debug: run package(mac) handler(enable) success!
4-9-2024 19:41:27-debug: run package(mac) handler(enable) start
4-9-2024 19:41:27-debug: run package(native) handler(enable) start
4-9-2024 19:41:27-debug: run package(native) handler(enable) success!
4-9-2024 19:41:27-debug: run package(ohos) handler(enable) success!
4-9-2024 19:41:27-debug: run package(openharmony) handler(enable) start
4-9-2024 19:41:27-debug: run package(openharmony) handler(enable) success!
4-9-2024 19:41:27-debug: run package(oppo-mini-game) handler(enable) start
4-9-2024 19:41:27-debug: run package(ohos) handler(enable) start
4-9-2024 19:41:27-debug: run package(oppo-mini-game) handler(enable) success!
4-9-2024 19:41:27-debug: run package(runtime-dev-tools) handler(enable) success!
4-9-2024 19:41:27-debug: run package(runtime-dev-tools) handler(enable) start
4-9-2024 19:41:27-debug: run package(taobao-creative-app) handler(enable) start
4-9-2024 19:41:27-debug: run package(taobao-mini-game) handler(enable) start
4-9-2024 19:41:27-debug: run package(taobao-creative-app) handler(enable) success!
4-9-2024 19:41:27-debug: run package(taobao-mini-game) handler(enable) success!
4-9-2024 19:41:27-debug: run package(vivo-mini-game) handler(enable) success!
4-9-2024 19:41:27-debug: run package(vivo-mini-game) handler(enable) start
4-9-2024 19:41:27-debug: run package(web-desktop) handler(enable) start
4-9-2024 19:41:27-debug: run package(web-desktop) handler(enable) success!
4-9-2024 19:41:27-debug: run package(web-mobile) handler(enable) start
4-9-2024 19:41:27-debug: run package(web-mobile) handler(enable) success!
4-9-2024 19:41:27-debug: run package(wechatgame) handler(enable) success!
4-9-2024 19:41:27-debug: run package(wechatgame) handler(enable) start
4-9-2024 19:41:27-debug: run package(wechatprogram) handler(enable) start
4-9-2024 19:41:27-debug: run package(wechatprogram) handler(enable) success!
4-9-2024 19:41:27-debug: run package(windows) handler(enable) success!
4-9-2024 19:41:27-debug: run package(windows) handler(enable) start
4-9-2024 19:41:27-debug: run package(xiaomi-quick-game) handler(enable) success!
4-9-2024 19:41:27-debug: run package(cocos-service) handler(enable) start
4-9-2024 19:41:27-debug: run package(cocos-service) handler(enable) success!
4-9-2024 19:41:27-debug: run package(xiaomi-quick-game) handler(enable) start
4-9-2024 19:41:27-debug: run package(fix-device) handler(enable) start
4-9-2024 19:41:27-debug: run package(im-plugin) handler(enable) start
4-9-2024 19:41:27-debug: run package(im-plugin) handler(enable) success!
4-9-2024 19:41:27-debug: run package(fix-device) handler(enable) success!
4-9-2024 19:41:27-debug: run package(placeholder) handler(enable) success!
4-9-2024 19:41:27-debug: run package(placeholder) handler(enable) start
4-9-2024 19:41:27-debug: asset-db:worker-init: initPlugin (3960ms)
4-9-2024 19:41:27-debug: [Assets Memory track]: asset-db:worker-init start:23.45MB, end 239.19MB, increase: 215.74MB
4-9-2024 19:41:27-debug: Run asset db hook programming:beforePreStart ...
4-9-2024 19:41:27-debug: Run asset db hook programming:beforePreStart success!
4-9-2024 19:41:27-debug: Run asset db hook engine-extends:beforePreStart success!
4-9-2024 19:41:27-debug: Run asset db hook engine-extends:beforePreStart ...
4-9-2024 19:41:29-debug: asset-db-hook-programming-beforePreStart (1105ms)
4-9-2024 19:41:29-debug: asset-db-hook-engine-extends-beforePreStart (1104ms)
4-9-2024 19:41:29-debug: asset-db:worker-init (8786ms)
4-9-2024 19:41:29-debug: Preimport db internal success
4-9-2024 19:41:29-debug: starting packer-driver...
4-9-2024 19:41:29-debug: Run asset db hook programming:afterPreStart ...
4-9-2024 19:41:29-debug: Preimport db assets success
4-9-2024 19:41:29-debug: initialize scripting environment...
4-9-2024 19:41:29-debug: Set detail map pack:///resolution-detail-map.json: {}
4-9-2024 19:41:29-debug: Run asset db hook engine-extends:afterPreStart success!
4-9-2024 19:41:29-debug: [Assets Memory track]: asset-db:worker-init: preStart start:239.20MB, end 251.49MB, increase: 12.29MB
4-9-2024 19:41:29-debug: Start up the 'internal' database...
4-9-2024 19:41:29-debug: Run asset db hook engine-extends:afterPreStart ...
4-9-2024 19:41:29-debug: Run asset db hook programming:afterPreStart success!
4-9-2024 19:41:30-debug: asset-db-hook-programming-afterPreStart (938ms)
4-9-2024 19:41:30-debug: asset-db:worker-effect-data-processing (121ms)
4-9-2024 19:41:30-debug: asset-db-hook-engine-extends-afterPreStart (122ms)
4-9-2024 19:41:30-debug: [Assets Memory track]: asset-db:worker-startup-database[internal] start:250.04MB, end 255.85MB, increase: 5.81MB
4-9-2024 19:41:30-debug: Start up the 'assets' database...
4-9-2024 19:41:30-debug: asset-db:worker-startup-database[internal] (1599ms)
4-9-2024 19:41:30-debug: [Assets Memory track]: asset-db:worker-startup-database[assets] start:254.21MB, end 256.27MB, increase: 2.06MB
4-9-2024 19:41:30-debug: [Assets Memory track]: asset-db:worker-init: startup start:251.49MB, end 256.27MB, increase: 4.78MB
4-9-2024 19:41:30-debug: asset-db:worker-startup-database[assets] (1089ms)
4-9-2024 19:41:30-debug: asset-db:ready (14677ms)
4-9-2024 19:41:30-debug: asset-db:start-database (2280ms)
4-9-2024 19:41:30-debug: init worker message success
4-9-2024 19:41:33-debug: [Build Memory track]: builder:worker-init start:251.87MB, end 262.27MB, increase: 10.40MB
4-9-2024 19:41:33-debug: programming:execute-script (3180ms)
4-9-2024 19:41:33-debug: builder:worker-init (3158ms)
4-9-2024 19:41:34-debug: programming:execute-script (18ms)
4-9-2024 19:41:38-debug: refresh db internal success
4-9-2024 19:41:38-debug: Run asset db hook engine-extends:afterRefresh success!
4-9-2024 19:41:38-debug: refresh db assets success
4-9-2024 19:41:38-debug: Run asset db hook engine-extends:afterRefresh ...
4-9-2024 19:41:38-debug: asset-db:refresh-all-database (244ms)
4-9-2024 19:41:38-debug: asset-db:worker-effect-data-processing (4ms)
4-9-2024 19:41:38-debug: asset-db-hook-engine-extends-afterRefresh (5ms)
4-9-2024 19:41:55-debug: Start record console... {file(C:\Users\DELL\NewProject_1\temp\builder\log\android9-4-2024 19-24.log)}
4-9-2024 19:41:55-debug: =================================== build Task (android) Start ================================
4-9-2024 19:41:55-debug: Start build task, options:{"name":"NewProject_1","server":"","platform":"android","buildPath":"project://build","debug":false,"md5Cache":false,"skipCompressTexture":false,"sourceMaps":false,"polyfills":{"asyncFunctions":false},"experimentalEraseModules":false,"startSceneAssetBundle":false,"bundleConfigs":[],"useBuiltinServer":false,"mainBundleIsRemote":false,"mainBundleCompressionType":"merge_dep","useSplashScreen":true,"bundleCommonChunk":false,"packAutoAtlas":true,"startScene":"fa890cbe-86c0-4e5a-ae6f-48886d1d3666","outputName":"android","taskName":"android","scenes":[{"url":"db://assets/Scenes/scene.scene","uuid":"fa890cbe-86c0-4e5a-ae6f-48886d1d3666"}],"packages":{"engine":{"cleanupImageCache":"inheritProjectSetting","__version__":"1.0.8"},"android":{"packageName":"com.example.mygame","resizeableActivity":true,"maxAspectRatio":"2.4","orientation":{"portrait":false,"upsideDown":false,"landscapeRight":true,"landscapeLeft":true},"apiLevel":26,"appABIs":["arm64-v8a"],"useDebugKeystore":true,"keystorePath":"","keystorePassword":"","keystoreAlias":"","keystoreAliasPassword":"","appBundle":true,"androidInstant":false,"inputSDK":true,"remoteUrl":"","sdkPath":"","ndkPath":"","javaHome":"","javaPath":"","renderBackEnd":{"vulkan":false,"gles3":true,"gles2":true},"swappy":false,"__version__":"1.0.1"},"native":{"encrypted":false,"xxteaKey":"4e4JF4DIRDh6xfFM","compressZip":false,"JobSystem":"none","__version__":"1.0.2"},"cocos-service":{"configID":"39fa43","services":[],"__version__":"3.0.7"}},"__version__":"1.3.7","buildMode":"bundle","logDest":"project://temp/builder/log/android9-4-2024 19-24.log"}
4-9-2024 19:41:55-debug: Build with Cocos Creator 3.8.2
4-9-2024 19:41:55-debug: Start lock asset db..., progress: 0%
4-9-2024 19:41:55-debug: Query all assets info in project
4-9-2024 19:41:55-log: Asset DB is paused with build!
4-9-2024 19:41:55-debug: init custom config: keepNodeUuid: false, useCache: true
4-9-2024 19:41:55-debug:   Number of all scenes: 1
4-9-2024 19:41:55-debug:   Number of all scripts: 8
4-9-2024 19:41:55-debug: // ---- build task native：onAfterInit ----
4-9-2024 19:41:55-debug: native:(onAfterInit) start..., progress: 0%
4-9-2024 19:41:55-debug:   Number of other assets: 355
4-9-2024 19:41:56-debug: Native engine root:C:\ProgramData\cocos\editors\Creator\3.8.2\resources\resources\3d\engine\native
4-9-2024 19:41:56-debug: // ---- build task native：onAfterInit ---- (559ms)
4-9-2024 19:41:56-debug: android:(onAfterInit) start..., progress: 4%
4-9-2024 19:41:56-debug: native:(onAfterInit) in 559 ms ✓, progress: 4%
4-9-2024 19:41:56-debug: // ---- build task android：onAfterInit ----
4-9-2024 19:41:56-debug: // ---- build task android：onAfterInit ---- (33ms)
4-9-2024 19:41:56-debug: android:(onAfterInit) in 33 ms ✓, progress: 9%
4-9-2024 19:41:56-debug: cocos-service:(onAfterInit) start..., progress: 9%
4-9-2024 19:41:56-debug: // ---- build task cocos-service：onAfterInit ----
4-9-2024 19:41:56-debug: // ---- build task cocos-service：onAfterInit ---- (318ms)
4-9-2024 19:41:56-debug: cocos-service:(onAfterInit) in 318 ms ✓, progress: 13%
4-9-2024 19:41:56-debug: engine:(onAfterInit) start..., progress: 13%
4-9-2024 19:41:56-debug: // ---- build task engine：onAfterInit ----
4-9-2024 19:41:56-debug: // ---- build task engine：onAfterInit ---- (43ms)
4-9-2024 19:41:56-debug: adsense-h5g-plugin:(onBeforeBundleInit) start..., progress: 18%
4-9-2024 19:41:56-debug: run bundle task initOptions success!, progress: 18%
4-9-2024 19:41:56-debug: // ---- build task adsense-h5g-plugin：onBeforeBundleInit ----
4-9-2024 19:41:56-debug: engine:(onAfterInit) in 43 ms ✓, progress: 18%
4-9-2024 19:41:56-debug: [adsense-h5g-plugin] remove script success
4-9-2024 19:41:56-debug: // ---- build task adsense-h5g-plugin：onBeforeBundleInit ---- (65ms)
4-9-2024 19:41:56-debug: adsense-h5g-plugin:(onBeforeBundleInit) in 65 ms ✓, progress: 18%
4-9-2024 19:41:56-debug: reload all scripts.
4-9-2024 19:41:56-debug: Set detail map pack:///resolution-detail-map.json: {}
4-9-2024 19:41:56-debug: C:\Users\DELL\NewProject_1\temp\programming\packer-driver\targets\editor\chunks\93\93ba276ea7b26ffcdc433fab14afc1ed6f05647b.js resolved to C:\Users\DELL\NewProject_1\temp\programming\packer-driver\targets\editor\chunks\93\93ba276ea7b26ffcdc433fab14afc1ed6f05647b.js is not in module cache!
4-9-2024 19:41:56-debug: [[Executor]] Module "cce:/internal/x/cc-fu/base" loaded.
4-9-2024 19:41:56-debug: [[Executor]] Module "cce:/internal/x/cc-fu/gfx-webgl" loaded.
4-9-2024 19:41:56-debug: [[Executor]] Module "cce:/internal/x/cc-fu/gfx-webgl2" loaded.
4-9-2024 19:41:56-debug: [[Executor]] Module "cce:/internal/x/cc-fu/3d" loaded.
4-9-2024 19:41:56-debug: [[Executor]] Module "cce:/internal/x/cc-fu/animation" loaded.
4-9-2024 19:41:56-debug: [[Executor]] Module "cce:/internal/x/cc-fu/skeletal-animation" loaded.
4-9-2024 19:41:56-debug: [[Executor]] Module "cce:/internal/x/cc-fu/2d" loaded.
4-9-2024 19:41:56-debug: [[Executor]] Module "cce:/internal/x/cc-fu/gfx-empty" loaded.
4-9-2024 19:41:56-debug: [[Executor]] Module "cce:/internal/x/cc-fu/ui" loaded.
4-9-2024 19:41:56-debug: [[Executor]] Module "cce:/internal/x/cc-fu/sorting" loaded.
4-9-2024 19:41:56-debug: [[Executor]] Module "cce:/internal/x/cc-fu/particle" loaded.
4-9-2024 19:41:56-debug: [[Executor]] Module "cce:/internal/x/cc-fu/physics-framework" loaded.
4-9-2024 19:41:56-debug: [[Executor]] Module "cce:/internal/x/cc-fu/physics-2d-box2d-wasm" loaded.
4-9-2024 19:41:56-debug: [[Executor]] Module "cce:/internal/x/cc-fu/intersection-2d" loaded.
4-9-2024 19:41:56-debug: [[Executor]] Module "cce:/internal/x/cc-fu/physics-2d-framework" loaded.
4-9-2024 19:41:56-debug: [[Executor]] Module "cce:/internal/x/cc-fu/primitive" loaded.
4-9-2024 19:41:56-debug: [[Executor]] Module "cce:/internal/x/cc-fu/particle-2d" loaded.
4-9-2024 19:41:56-debug: [[Executor]] Module "cce:/internal/x/cc-fu/geometry-renderer" loaded.
4-9-2024 19:41:56-debug: [[Executor]] Module "cce:/internal/x/cc-fu/audio" loaded.
4-9-2024 19:41:56-debug: [[Executor]] Module "cce:/internal/x/cc-fu/profiler" loaded.
4-9-2024 19:41:56-debug: [[Executor]] Module "cce:/internal/x/cc-fu/xr" loaded.
4-9-2024 19:41:56-debug: [[Executor]] Module "cce:/internal/x/cc-fu/video" loaded.
4-9-2024 19:41:56-debug: [[Executor]] Module "cce:/internal/x/cc-fu/terrain" loaded.
4-9-2024 19:41:56-debug: [[Executor]] Module "cce:/internal/x/cc-fu/light-probe" loaded.
4-9-2024 19:41:56-debug: [[Executor]] Module "cce:/internal/x/cc-fu/tiled-map" loaded.
4-9-2024 19:41:56-debug: [[Executor]] Module "cce:/internal/x/cc-fu/webview" loaded.
4-9-2024 19:41:56-debug: [[Executor]] Module "cce:/internal/x/cc-fu/tween" loaded.
4-9-2024 19:41:56-debug: [[Executor]] Module "cce:/internal/x/cc-fu/dragon-bones" loaded.
4-9-2024 19:41:56-debug: [[Executor]] Module "cce:/internal/x/cc-fu/custom-pipeline" loaded.
4-9-2024 19:41:56-debug: [[Executor]] Module "cce:/internal/x/cc-fu/base" loaded.
4-9-2024 19:41:56-debug: [[Executor]] Module "cce:/internal/x/cc-fu/spine" loaded.
4-9-2024 19:41:56-debug: [[Executor]] Module "cce:/internal/x/cc-fu/gfx-webgl2" loaded.
4-9-2024 19:41:56-debug: [[Executor]] Module "cce:/internal/x/cc-fu/gfx-empty" loaded.
4-9-2024 19:41:56-debug: [[Executor]] Module "cce:/internal/x/cc-fu/animation" loaded.
4-9-2024 19:41:56-debug: [[Executor]] Module "cce:/internal/x/cc-fu/skeletal-animation" loaded.
4-9-2024 19:41:56-debug: [[Executor]] Module "cce:/internal/x/cc-fu/gfx-webgl" loaded.
4-9-2024 19:41:56-debug: [[Executor]] Module "cce:/internal/x/cc-fu/3d" loaded.
4-9-2024 19:41:56-debug: [[Executor]] Module "cce:/internal/x/cc-fu/sorting" loaded.
4-9-2024 19:41:56-debug: [[Executor]] Module "cce:/internal/x/cc-fu/particle" loaded.
4-9-2024 19:41:56-debug: [[Executor]] Module "cce:/internal/x/cc-fu/2d" loaded.
4-9-2024 19:41:56-debug: [[Executor]] Module "cce:/internal/x/cc-fu/particle-2d" loaded.
4-9-2024 19:41:56-debug: [[Executor]] Module "cce:/internal/x/cc-fu/physics-framework" loaded.
4-9-2024 19:41:56-debug: [[Executor]] Module "cce:/internal/x/cc-fu/physics-2d-framework" loaded.
4-9-2024 19:41:56-debug: [[Executor]] Module "cce:/internal/x/cc-fu/physics-2d-box2d-wasm" loaded.
4-9-2024 19:41:56-debug: [[Executor]] Module "cce:/internal/x/cc-fu/primitive" loaded.
4-9-2024 19:41:56-debug: [[Executor]] Module "cce:/internal/x/cc-fu/intersection-2d" loaded.
4-9-2024 19:41:56-debug: [[Executor]] Module "cce:/internal/x/cc-fu/geometry-renderer" loaded.
4-9-2024 19:41:56-debug: [[Executor]] Module "cce:/internal/x/cc-fu/profiler" loaded.
4-9-2024 19:41:56-debug: [[Executor]] Module "cce:/internal/x/cc-fu/video" loaded.
4-9-2024 19:41:56-debug: [[Executor]] Module "cce:/internal/x/cc-fu/audio" loaded.
4-9-2024 19:41:56-debug: [[Executor]] Module "cce:/internal/x/cc-fu/light-probe" loaded.
4-9-2024 19:41:56-debug: [[Executor]] Module "cce:/internal/x/cc-fu/ui" loaded.
4-9-2024 19:41:56-debug: [[Executor]] Module "cce:/internal/x/cc-fu/xr" loaded.
4-9-2024 19:41:56-debug: [[Executor]] Module "cce:/internal/x/cc-fu/terrain" loaded.
4-9-2024 19:41:56-debug: [[Executor]] Module "cce:/internal/x/cc-fu/tiled-map" loaded.
4-9-2024 19:41:56-debug: [[Executor]] Module "cce:/internal/x/cc-fu/webview" loaded.
4-9-2024 19:41:56-debug: [[Executor]] Module "cce:/internal/x/cc-fu/spine" loaded.
4-9-2024 19:41:56-debug: [[Executor]] Module "cce:/internal/x/cc-fu/dragon-bones" loaded.
4-9-2024 19:41:56-debug: [[Executor]] Module "cce:/internal/x/cc-fu/custom-pipeline" loaded.
4-9-2024 19:41:56-debug: [[Executor]] Module "cce:/internal/x/cc-fu/tween" loaded.
4-9-2024 19:41:56-debug: [[Executor]] Module "pack:///chunks/93/93ba276ea7b26ffcdc433fab14afc1ed6f05647b.js" loaded.
4-9-2024 19:41:56-debug: Invalidating 'pack:///chunks/93/93ba276ea7b26ffcdc433fab14afc1ed6f05647b.js'
4-9-2024 19:41:56-debug: [[Executor]] Module "pack:///chunks/93/93ba276ea7b26ffcdc433fab14afc1ed6f05647b.js" loaded.
4-9-2024 19:41:56-debug: C:\Users\DELL\NewProject_1\temp\programming\packer-driver\targets\editor\chunks\6d\6d8fd2b0177941b032ddc0733af48a561fb60657.js resolved to C:\Users\DELL\NewProject_1\temp\programming\packer-driver\targets\editor\chunks\6d\6d8fd2b0177941b032ddc0733af48a561fb60657.js is not in module cache!
4-9-2024 19:41:56-debug: [[Executor]] Module "pack:///chunks/6d/6d8fd2b0177941b032ddc0733af48a561fb60657.js" loaded.
4-9-2024 19:41:56-debug: C:\Users\DELL\NewProject_1\temp\programming\packer-driver\targets\editor\chunks\dd\dd8ffe4b66ab421921fe26a7524871e3101b074e.js resolved to C:\Users\DELL\NewProject_1\temp\programming\packer-driver\targets\editor\chunks\dd\dd8ffe4b66ab421921fe26a7524871e3101b074e.js is not in module cache!
4-9-2024 19:41:56-debug: [[Executor]] Module "pack:///chunks/dd/dd8ffe4b66ab421921fe26a7524871e3101b074e.js" loaded.
4-9-2024 19:41:56-debug: [[Executor]] Register DebugViewRuntimeControl
4-9-2024 19:41:56-debug: C:\Users\DELL\NewProject_1\temp\programming\packer-driver\targets\editor\chunks\17\17491505490b2b21f7dc552d1240e955b058cdf0.js resolved to C:\Users\DELL\NewProject_1\temp\programming\packer-driver\targets\editor\chunks\17\17491505490b2b21f7dc552d1240e955b058cdf0.js is not in module cache!
4-9-2024 19:41:56-debug: [[Executor]] Register Bird
4-9-2024 19:41:56-debug: [[Executor]] Module "pack:///chunks/17/17491505490b2b21f7dc552d1240e955b058cdf0.js" loaded.
4-9-2024 19:41:56-debug: C:\Users\DELL\NewProject_1\temp\programming\packer-driver\targets\editor\chunks\8f\8fcc0891d09fa1631c70ddb0e75c6260fe62321f.js resolved to C:\Users\DELL\NewProject_1\temp\programming\packer-driver\targets\editor\chunks\8f\8fcc0891d09fa1631c70ddb0e75c6260fe62321f.js is not in module cache!
4-9-2024 19:41:56-debug: [[Executor]] Register BirdAudio
4-9-2024 19:41:56-debug: [[Executor]] Module "pack:///chunks/8f/8fcc0891d09fa1631c70ddb0e75c6260fe62321f.js" loaded.
4-9-2024 19:41:56-debug: C:\Users\DELL\NewProject_1\temp\programming\packer-driver\targets\editor\chunks\c6\c69ed17c83af632ef34866f9d9dd81ee75446530.js resolved to C:\Users\DELL\NewProject_1\temp\programming\packer-driver\targets\editor\chunks\c6\c69ed17c83af632ef34866f9d9dd81ee75446530.js is not in module cache!
4-9-2024 19:41:56-debug: C:\Users\DELL\NewProject_1\temp\programming\packer-driver\targets\editor\chunks\7d\7d0a109fe67192c411c9384bbc7233691f3e6b90.js resolved to C:\Users\DELL\NewProject_1\temp\programming\packer-driver\targets\editor\chunks\7d\7d0a109fe67192c411c9384bbc7233691f3e6b90.js is not in module cache!
4-9-2024 19:41:56-debug: C:\Users\DELL\NewProject_1\temp\programming\packer-driver\targets\editor\chunks\6a\6a5019a719a9014c047e67aa1cf34453ab8392ce.js resolved to C:\Users\DELL\NewProject_1\temp\programming\packer-driver\targets\editor\chunks\6a\6a5019a719a9014c047e67aa1cf34453ab8392ce.js is not in module cache!
4-9-2024 19:41:56-debug: C:\Users\DELL\NewProject_1\temp\programming\packer-driver\targets\editor\chunks\bf\bf0dfff7ac0f97ba7460e07675753a614ef7b585.js resolved to C:\Users\DELL\NewProject_1\temp\programming\packer-driver\targets\editor\chunks\bf\bf0dfff7ac0f97ba7460e07675753a614ef7b585.js is not in module cache!
4-9-2024 19:41:56-debug: [[Executor]] Register Ground
4-9-2024 19:41:56-debug: C:\Users\DELL\NewProject_1\temp\programming\packer-driver\targets\editor\chunks\05\05f869818c899a9e3c646ff426977c0f886f8420.js resolved to C:\Users\DELL\NewProject_1\temp\programming\packer-driver\targets\editor\chunks\05\05f869818c899a9e3c646ff426977c0f886f8420.js is not in module cache!
4-9-2024 19:41:56-debug: [[Executor]] Module "pack:///chunks/6a/6a5019a719a9014c047e67aa1cf34453ab8392ce.js" loaded.
4-9-2024 19:41:56-debug: [[Executor]] Register Results
4-9-2024 19:41:56-debug: [[Executor]] Module "pack:///chunks/bf/bf0dfff7ac0f97ba7460e07675753a614ef7b585.js" loaded.
4-9-2024 19:41:56-debug: [[Executor]] Register PipePool
4-9-2024 19:41:56-debug: [[Executor]] Module "pack:///chunks/7d/7d0a109fe67192c411c9384bbc7233691f3e6b90.js" loaded.
4-9-2024 19:41:56-debug: [[Executor]] Register GameCtrl
4-9-2024 19:41:56-debug: [[Executor]] Module "pack:///chunks/05/05f869818c899a9e3c646ff426977c0f886f8420.js" loaded.
4-9-2024 19:41:56-debug: [[Executor]] Module "pack:///chunks/c6/c69ed17c83af632ef34866f9d9dd81ee75446530.js" loaded.
4-9-2024 19:41:56-debug: [[Executor]] Register Pipes
4-9-2024 19:41:56-debug: C:\Users\DELL\NewProject_1\temp\programming\packer-driver\targets\editor\chunks\34\340a10ff38b9c88bb6a98665c841f25ffb86ee0b.js resolved to C:\Users\DELL\NewProject_1\temp\programming\packer-driver\targets\editor\chunks\34\340a10ff38b9c88bb6a98665c841f25ffb86ee0b.js is not in module cache!
4-9-2024 19:41:57-debug: Incremental keys: 
4-9-2024 19:41:57-debug: run bundle task loadScript success!, progress: 18%
4-9-2024 19:41:56-debug: [[Executor]] Module "pack:///chunks/34/340a10ff38b9c88bb6a98665c841f25ffb86ee0b.js" loaded.
4-9-2024 19:41:56-debug: [[Executor]] Module "pack:///chunks/6d/6d8fd2b0177941b032ddc0733af48a561fb60657.js" loaded.
4-9-2024 19:41:57-debug: Init all bundles start..., progress: 18%
4-9-2024 19:41:57-debug: run bundle task initBundle success!, progress: 18%
4-9-2024 19:41:57-debug: // ---- build task native：onAfterBundleInit ----
4-9-2024 19:41:57-debug: Num of bundles: 2..., progress: 18%
4-9-2024 19:41:57-debug: native:(onAfterBundleInit) start..., progress: 18%
4-9-2024 19:41:57-debug: // ---- build task native：onAfterBundleInit ---- (86ms)
4-9-2024 19:41:57-debug: native:(onAfterBundleInit) in 86 ms ✓, progress: 18%
4-9-2024 19:41:57-debug: android:(onAfterBundleInit) start..., progress: 18%
4-9-2024 19:41:57-debug: // ---- build task android：onAfterBundleInit ----
4-9-2024 19:41:57-debug: // ---- build task android：onAfterBundleInit ---- (43ms)
4-9-2024 19:41:57-debug: android:(onAfterBundleInit) in 43 ms ✓, progress: 18%
4-9-2024 19:41:57-debug: Init bundle root assets start..., progress: 18%
4-9-2024 19:41:57-debug: Query preload assets from cc.config.json: 60f7195c-ec2a-45eb-ba94-8955f60e81d0,1c02ae6f-4492-4915-b8f8-7492a3b1e4cd,810e96e4-e456-4468-9b59-f4e8f39732c0,efe8e2a3-eace-427b-b4f1-cb8a937ec77d,e9aa9a3e-5b2b-4ac7-a2c7-073de2b2b24f,8bbdbcdd-5cd4-4100-b6d5-b7c9625b6107,50f4348b-c883-4e2f-8f11-ce233b859fa1,fda095cb-831d-4601-ad94-846013963de8,f92806d7-1768-443f-afe8-12bcde84d0f0,dd3a144d-ab7f-41f0-82b8-2e43a090d496,f0416e68-0200-4b77-a926-4f9d16e494da,970b0598-bcb0-4714-91fb-2e81440dccd8,bcd64cc6-2dd9-43f6-abbe-66318d332032,d930590d-bb92-4cc8-8bd1-23cd027f9edf,a3cd009f-0ab0-420d-9278-b9fdab939bbc,c27215d8-6835-4b68-bfbb-bdeac6100c04,b5d6115f-0370-4d7c-aad3-c194cc71cf98,871c3b6c-7379-419d-bda3-794b239ab90d
4-9-2024 19:41:57-debug: Init bundle share assets start..., progress: 18%
4-9-2024 19:41:57-debug: Init bundle root assets success..., progress: 18%
4-9-2024 19:41:57-debug: Init bundle share assets success..., progress: 18%
4-9-2024 19:41:57-debug: run bundle task initAsset success!, progress: 18%
4-9-2024 19:41:57-debug: handle json group in bundle internal
4-9-2024 19:41:57-debug: handle json group in bundle internal success
4-9-2024 19:41:57-debug: handle json group in bundle main success
4-9-2024 19:41:57-debug: init image compress task 0 in bundle internal
4-9-2024 19:41:57-debug: init image compress task 0 in bundle main
4-9-2024 19:41:57-debug: // ---- build task native：onAfterBundleDataTask ----
4-9-2024 19:41:57-debug: native:(onAfterBundleDataTask) start..., progress: 18%
4-9-2024 19:41:57-debug: run bundle task bundleDataTask success!, progress: 18%
4-9-2024 19:41:57-debug: handle json group in bundle main
4-9-2024 19:41:57-debug: // ---- build task native：onAfterBundleDataTask ---- (41ms)
4-9-2024 19:41:57-debug: run bundle task clearBundleDest success!, progress: 18%
4-9-2024 19:41:57-debug: native:(onAfterBundleDataTask) in 41 ms ✓, progress: 18%
4-9-2024 19:41:57-debug: Build script in bundle start, progress: 18%
4-9-2024 19:41:57-log: Run build task(build-script) in child, see: chrome://inspect/#devices
4-9-2024 19:41:58-log: [build-script]enter sub process 16088, C:\ProgramData\cocos\editors\Creator\3.8.2\CocosCreator.exe,C:\ProgramData\cocos\editors\Creator\3.8.2\resources\app.asar\builtin\builder\static\sub-process-index
4-9-2024 19:42:04-warn: [build-script][[Build.Script.Rollup]] Circular dependency: file:///C:/Users/DELL/NewProject_1/assets/Scripts/GameCtrl.ts -> file:///C:/Users/DELL/NewProject_1/assets/Scripts/Ground.ts -> file:///C:/Users/DELL/NewProject_1/assets/Scripts/GameCtrl.ts
4-9-2024 19:42:07-debug: excute-script over with build-script 10143ms
4-9-2024 19:42:07-debug: Build script in bundle success, progress: 18%
4-9-2024 19:42:07-debug: run bundle task buildScript success!, progress: 18%
4-9-2024 19:42:07-debug: Pack Images start, progress: 18%
4-9-2024 19:42:07-debug: Copy externalScripts success!
4-9-2024 19:42:07-debug: builder:pack-auto-atlas-image (67ms)
4-9-2024 19:42:07-debug: Compress image start..., progress: 18%
4-9-2024 19:42:07-debug: sort compress task {}
4-9-2024 19:42:07-debug: Num of all image compress task 0, really: 0, configTasks: 0
4-9-2024 19:42:07-debug: No image need to compress
4-9-2024 19:42:07-debug: Compress image success..., progress: 18%
4-9-2024 19:42:07-debug: Handle all json groups in bundle internal
4-9-2024 19:42:07-debug: handle json group
4-9-2024 19:42:07-debug: Handle all json groups in bundle main
4-9-2024 19:42:07-debug: handle json group
4-9-2024 19:42:07-debug: Pack Images success, progress: 18%
4-9-2024 19:42:07-debug: Ouput asset in bundles start, progress: 18%
4-9-2024 19:42:07-debug: Json group(0e6657450) compile success，json number: 6
4-9-2024 19:42:07-debug: Json group(065e447e9) compile success，json number: 6
4-9-2024 19:42:07-debug: Json group(0ca60d3e4) compile success，json number: 6
4-9-2024 19:42:07-debug: handle single json
4-9-2024 19:42:07-debug: Json group(0b3902731) compile success，json number: 6
4-9-2024 19:42:07-debug: handle single json
4-9-2024 19:42:07-debug: Output asset in bundles success, progress: 18%
4-9-2024 19:42:07-debug: run bundle task buildAsset success!, progress: 18%
4-9-2024 19:42:07-debug: compress config of bundle internal success
4-9-2024 19:42:07-debug: compress config of bundle main success
4-9-2024 19:42:07-debug: ouput config of bundle internal
4-9-2024 19:42:07-debug: output config of bundle internal success
4-9-2024 19:42:07-debug: ouput config of bundle main
4-9-2024 19:42:07-debug: Output asset in bundles start, progress: 18%
4-9-2024 19:42:07-debug: output config of bundle main success
4-9-2024 19:42:07-debug: compress config of bundle main...
4-9-2024 19:42:07-debug: run bundle task outputBundle success!, progress: 18%
4-9-2024 19:42:07-debug:  start, progress: 18%
4-9-2024 19:42:07-debug: // ---- build task  ----
4-9-2024 19:42:07-debug: compress config of bundle internal...
4-9-2024 19:42:07-debug: Output asset in bundles success, progress: 18%
4-9-2024 19:42:07-error: Get cache settings failed from undefined.
4-9-2024 19:42:07-debug: run build task  success in 111 ms√, progress: 20%
4-9-2024 19:42:07-debug: [Build Memory track]:  start:207.99MB, end 201.13MB, increase: -7022.63KB
4-9-2024 19:42:07-debug: Save Settings.json start, progress: 20%
4-9-2024 19:42:07-debug: // ---- build task Save Settings.json ----
4-9-2024 19:42:07-debug: // ---- build task  ---- (111ms)
4-9-2024 19:42:08-debug: // ---- build task Save Settings.json ---- (59ms)
4-9-2024 19:42:08-debug: run build task Save Settings.json success in 59 ms√, progress: 23%
4-9-2024 19:42:08-debug: [Build Memory track]: Save Settings.json start:201.14MB, end 201.23MB, increase: 89.42KB
4-9-2024 19:42:08-debug: [Build Memory track]: builder:build-project-total start:194.98MB, end 201.24MB, increase: 6.27MB
4-9-2024 19:42:08-log: Asset DB is resume!
4-9-2024 19:42:08-debug: ================================ build Task (android) Finished in (12 s)ms ================================
4-9-2024 19:42:08-debug: Stop record console. {file(C:\Users\DELL\NewProject_1\temp\builder\log\android9-4-2024 19-24.log)}
4-9-2024 19:42:11-debug: refresh db internal success
4-9-2024 19:42:11-debug: refresh db assets success
4-9-2024 19:42:11-debug: Run asset db hook engine-extends:afterRefresh ...
4-9-2024 19:42:11-debug: Run asset db hook engine-extends:afterRefresh success!
4-9-2024 19:42:11-debug: asset-db:refresh-all-database (141ms)
4-9-2024 19:42:11-debug: asset-db:worker-effect-data-processing (1ms)
4-9-2024 19:42:11-debug: asset-db-hook-engine-extends-afterRefresh (1ms)
4-9-2024 19:42:25-debug: refresh db internal success
4-9-2024 19:42:25-debug: refresh db assets success
4-9-2024 19:42:25-debug: Run asset db hook engine-extends:afterRefresh ...
4-9-2024 19:42:25-debug: Run asset db hook engine-extends:afterRefresh success!
4-9-2024 19:42:25-debug: asset-db:refresh-all-database (250ms)
4-9-2024 19:42:25-debug: asset-db:worker-effect-data-processing (1ms)
4-9-2024 19:42:25-debug: asset-db-hook-engine-extends-afterRefresh (1ms)
4-9-2024 19:42:29-debug: Start record console... {file(C:\Users\DELL\NewProject_1\temp\builder\log\android9-4-2024 19-24.log)}
4-9-2024 19:42:29-debug: =================================== build Task (android) Start ================================
4-9-2024 19:42:29-debug: Build with Cocos Creator 3.8.2
4-9-2024 19:42:29-debug: Start build task, options:{"name":"NewProject_1","server":"","platform":"android","buildPath":"project://build","debug":false,"md5Cache":false,"skipCompressTexture":false,"sourceMaps":false,"polyfills":{"asyncFunctions":false},"experimentalEraseModules":false,"startSceneAssetBundle":false,"bundleConfigs":[],"useBuiltinServer":false,"mainBundleIsRemote":false,"mainBundleCompressionType":"merge_dep","useSplashScreen":true,"bundleCommonChunk":false,"packAutoAtlas":true,"startScene":"fa890cbe-86c0-4e5a-ae6f-48886d1d3666","outputName":"android","taskName":"android","scenes":[{"url":"db://assets/Scenes/scene.scene","uuid":"fa890cbe-86c0-4e5a-ae6f-48886d1d3666"}],"packages":{"engine":{"cleanupImageCache":"inheritProjectSetting","__version__":"1.0.8"},"android":{"packageName":"com.example.mygame","resizeableActivity":true,"maxAspectRatio":"2.4","orientation":{"portrait":false,"upsideDown":false,"landscapeRight":true,"landscapeLeft":true},"apiLevel":26,"appABIs":["arm64-v8a"],"useDebugKeystore":true,"keystorePath":"","keystorePassword":"","keystoreAlias":"","keystoreAliasPassword":"","appBundle":true,"androidInstant":false,"inputSDK":true,"remoteUrl":"","sdkPath":"","ndkPath":"","javaHome":"","javaPath":"","renderBackEnd":{"vulkan":false,"gles3":true,"gles2":true},"swappy":false,"__version__":"1.0.1"},"native":{"encrypted":false,"xxteaKey":"4e4JF4DIRDh6xfFM","compressZip":false,"JobSystem":"none","__version__":"1.0.2"},"cocos-service":{"configID":"39fa43","services":[],"__version__":"3.0.7"}},"__version__":"1.3.7","buildMode":"normal","logDest":"project://temp/builder/log/android9-4-2024 19-24.log"}
4-9-2024 19:42:29-debug: native:(onBeforeBuild) start..., progress: 0%
4-9-2024 19:42:29-debug: // ---- build task native：onBeforeBuild ----
4-9-2024 19:42:29-debug: // ---- build task native：onBeforeBuild ---- (19ms)
4-9-2024 19:42:29-debug: native:(onBeforeBuild) in 19 ms ✓, progress: 2%
4-9-2024 19:42:29-debug: cocos-service:(onBeforeBuild) start..., progress: 2%
4-9-2024 19:42:29-debug: // ---- build task cocos-service：onBeforeBuild ----
4-9-2024 19:42:30-debug: // ---- build task cocos-service：onBeforeBuild ---- (298ms)
4-9-2024 19:42:30-debug: cocos-service:(onBeforeBuild) in 298 ms ✓, progress: 4%
4-9-2024 19:42:30-debug: // ---- build task scene：onBeforeBuild ----
4-9-2024 19:42:30-debug: scene:(onBeforeBuild) start..., progress: 4%
4-9-2024 19:42:30-debug: // ---- build task scene：onBeforeBuild ---- (58ms)
4-9-2024 19:42:30-debug: scene:(onBeforeBuild) in 58 ms ✓, progress: 7%
4-9-2024 19:42:30-debug: Query all assets info in project
4-9-2024 19:42:30-log: Asset DB is paused with build!
4-9-2024 19:42:30-debug: Start lock asset db..., progress: 7%
4-9-2024 19:42:30-debug: init custom config: keepNodeUuid: false, useCache: true
4-9-2024 19:42:30-debug:   Number of all scenes: 1
4-9-2024 19:42:30-debug: native:(onAfterInit) start..., progress: 7%
4-9-2024 19:42:30-debug: // ---- build task native：onAfterInit ----
4-9-2024 19:42:30-debug:   Number of other assets: 355
4-9-2024 19:42:30-debug:   Number of all scripts: 8
4-9-2024 19:42:30-debug: Native engine root:C:\ProgramData\cocos\editors\Creator\3.8.2\resources\resources\3d\engine\native
4-9-2024 19:42:30-debug: // ---- build task native：onAfterInit ---- (122ms)
4-9-2024 19:42:30-debug: android:(onAfterInit) start..., progress: 9%
4-9-2024 19:42:30-debug: native:(onAfterInit) in 122 ms ✓, progress: 9%
4-9-2024 19:42:30-debug: // ---- build task android：onAfterInit ----
4-9-2024 19:42:30-debug: // ---- build task android：onAfterInit ---- (56ms)
4-9-2024 19:42:30-debug: android:(onAfterInit) in 56 ms ✓, progress: 11%
4-9-2024 19:42:30-debug: cocos-service:(onAfterInit) start..., progress: 11%
4-9-2024 19:42:30-debug: // ---- build task cocos-service：onAfterInit ----
4-9-2024 19:42:30-debug: // ---- build task cocos-service：onAfterInit ---- (312ms)
4-9-2024 19:42:30-debug: engine:(onAfterInit) start..., progress: 13%
4-9-2024 19:42:30-debug: cocos-service:(onAfterInit) in 312 ms ✓, progress: 13%
4-9-2024 19:42:30-debug: // ---- build task engine：onAfterInit ----
4-9-2024 19:42:30-debug: // ---- build task engine：onAfterInit ---- (48ms)
4-9-2024 19:42:30-debug: adsense-h5g-plugin:(onBeforeBundleInit) start..., progress: 16%
4-9-2024 19:42:30-debug: [adsense-h5g-plugin] remove script success
4-9-2024 19:42:30-debug: // ---- build task adsense-h5g-plugin：onBeforeBundleInit ----
4-9-2024 19:42:30-debug: engine:(onAfterInit) in 48 ms ✓, progress: 16%
4-9-2024 19:42:31-debug: // ---- build task adsense-h5g-plugin：onBeforeBundleInit ---- (59ms)
4-9-2024 19:42:31-debug: adsense-h5g-plugin:(onBeforeBundleInit) in 59 ms ✓, progress: 16%
4-9-2024 19:42:31-debug: Init all bundles start..., progress: 16%
4-9-2024 19:42:31-debug: reload all scripts.
4-9-2024 19:42:31-debug: Num of bundles: 2..., progress: 16%
4-9-2024 19:42:31-debug: Set detail map pack:///resolution-detail-map.json: {}
4-9-2024 19:42:31-debug: Unregister DebugViewRuntimeControl
4-9-2024 19:42:31-debug: Unregister Bird
4-9-2024 19:42:31-debug: Unregister BirdAudio
4-9-2024 19:42:31-debug: Unregister Ground
4-9-2024 19:42:31-debug: Unregister Results
4-9-2024 19:42:31-debug: Unregister PipePool
4-9-2024 19:42:31-debug: Unregister GameCtrl
4-9-2024 19:42:31-debug: Unregister Pipes
4-9-2024 19:42:31-debug: Invalidating 'pack:///chunks/93/93ba276ea7b26ffcdc433fab14afc1ed6f05647b.js'
4-9-2024 19:42:31-debug: Invalidating 'pack:///chunks/6d/6d8fd2b0177941b032ddc0733af48a561fb60657.js'
4-9-2024 19:42:31-debug: Invalidating 'pack:///chunks/dd/dd8ffe4b66ab421921fe26a7524871e3101b074e.js'
4-9-2024 19:42:31-debug: Invalidating 'pack:///chunks/17/17491505490b2b21f7dc552d1240e955b058cdf0.js'
4-9-2024 19:42:31-debug: Invalidating 'pack:///chunks/8f/8fcc0891d09fa1631c70ddb0e75c6260fe62321f.js'
4-9-2024 19:42:31-debug: Invalidating 'pack:///chunks/c6/c69ed17c83af632ef34866f9d9dd81ee75446530.js'
4-9-2024 19:42:31-debug: Invalidating 'pack:///chunks/7d/7d0a109fe67192c411c9384bbc7233691f3e6b90.js'
4-9-2024 19:42:31-debug: Invalidating 'pack:///chunks/6a/6a5019a719a9014c047e67aa1cf34453ab8392ce.js'
4-9-2024 19:42:31-debug: Invalidating 'pack:///chunks/bf/bf0dfff7ac0f97ba7460e07675753a614ef7b585.js'
4-9-2024 19:42:31-debug: Invalidating 'pack:///chunks/05/05f869818c899a9e3c646ff426977c0f886f8420.js'
4-9-2024 19:42:31-debug: Invalidating 'pack:///chunks/34/340a10ff38b9c88bb6a98665c841f25ffb86ee0b.js'
4-9-2024 19:42:31-debug: [[Executor]] Module "pack:///chunks/93/93ba276ea7b26ffcdc433fab14afc1ed6f05647b.js" loaded.
4-9-2024 19:42:31-debug: [[Executor]] Module "pack:///chunks/6d/6d8fd2b0177941b032ddc0733af48a561fb60657.js" loaded.
4-9-2024 19:42:31-debug: [[Executor]] Register DebugViewRuntimeControl
4-9-2024 19:42:31-debug: [[Executor]] Module "pack:///chunks/dd/dd8ffe4b66ab421921fe26a7524871e3101b074e.js" loaded.
4-9-2024 19:42:31-debug: [[Executor]] Register Bird
4-9-2024 19:42:31-debug: [[Executor]] Module "pack:///chunks/17/17491505490b2b21f7dc552d1240e955b058cdf0.js" loaded.
4-9-2024 19:42:31-debug: [[Executor]] Register BirdAudio
4-9-2024 19:42:31-debug: [[Executor]] Module "pack:///chunks/8f/8fcc0891d09fa1631c70ddb0e75c6260fe62321f.js" loaded.
4-9-2024 19:42:31-debug: [[Executor]] Module "pack:///chunks/6a/6a5019a719a9014c047e67aa1cf34453ab8392ce.js" loaded.
4-9-2024 19:42:31-debug: [[Executor]] Register Ground
4-9-2024 19:42:31-debug: [[Executor]] Module "pack:///chunks/bf/bf0dfff7ac0f97ba7460e07675753a614ef7b585.js" loaded.
4-9-2024 19:42:31-debug: [[Executor]] Register Results
4-9-2024 19:42:31-debug: [[Executor]] Module "pack:///chunks/7d/7d0a109fe67192c411c9384bbc7233691f3e6b90.js" loaded.
4-9-2024 19:42:31-debug: [[Executor]] Register PipePool
4-9-2024 19:42:31-debug: [[Executor]] Register GameCtrl
4-9-2024 19:42:31-debug: [[Executor]] Module "pack:///chunks/05/05f869818c899a9e3c646ff426977c0f886f8420.js" loaded.
4-9-2024 19:42:31-debug: [[Executor]] Module "pack:///chunks/c6/c69ed17c83af632ef34866f9d9dd81ee75446530.js" loaded.
4-9-2024 19:42:31-debug: [[Executor]] Register Pipes
4-9-2024 19:42:31-debug: [[Executor]] Module "pack:///chunks/34/340a10ff38b9c88bb6a98665c841f25ffb86ee0b.js" loaded.
4-9-2024 19:42:31-debug: [[Executor]] Module "pack:///chunks/6d/6d8fd2b0177941b032ddc0733af48a561fb60657.js" loaded.
4-9-2024 19:42:31-debug: Incremental keys: 
4-9-2024 19:42:31-debug: native:(onAfterBundleInit) start..., progress: 16%
4-9-2024 19:42:31-debug: // ---- build task native：onAfterBundleInit ----
4-9-2024 19:42:31-debug: // ---- build task native：onAfterBundleInit ---- (35ms)
4-9-2024 19:42:31-debug: android:(onAfterBundleInit) start..., progress: 16%
4-9-2024 19:42:31-debug: // ---- build task android：onAfterBundleInit ----
4-9-2024 19:42:31-debug: native:(onAfterBundleInit) in 35 ms ✓, progress: 16%
4-9-2024 19:42:31-debug: // ---- build task android：onAfterBundleInit ---- (61ms)
4-9-2024 19:42:31-debug: android:(onAfterBundleInit) in 61 ms ✓, progress: 16%
4-9-2024 19:42:31-debug: Query asset bundle start, progress: 16%
4-9-2024 19:42:31-debug: Init bundle root assets start..., progress: 16%
4-9-2024 19:42:31-debug: // ---- build task Query asset bundle ----
4-9-2024 19:42:31-debug: Query preload assets from cc.config.json: 60f7195c-ec2a-45eb-ba94-8955f60e81d0,1c02ae6f-4492-4915-b8f8-7492a3b1e4cd,810e96e4-e456-4468-9b59-f4e8f39732c0,efe8e2a3-eace-427b-b4f1-cb8a937ec77d,e9aa9a3e-5b2b-4ac7-a2c7-073de2b2b24f,8bbdbcdd-5cd4-4100-b6d5-b7c9625b6107,50f4348b-c883-4e2f-8f11-ce233b859fa1,fda095cb-831d-4601-ad94-846013963de8,f92806d7-1768-443f-afe8-12bcde84d0f0,dd3a144d-ab7f-41f0-82b8-2e43a090d496,f0416e68-0200-4b77-a926-4f9d16e494da,970b0598-bcb0-4714-91fb-2e81440dccd8,bcd64cc6-2dd9-43f6-abbe-66318d332032,d930590d-bb92-4cc8-8bd1-23cd027f9edf,a3cd009f-0ab0-420d-9278-b9fdab939bbc,c27215d8-6835-4b68-bfbb-bdeac6100c04,b5d6115f-0370-4d7c-aad3-c194cc71cf98,871c3b6c-7379-419d-bda3-794b239ab90d
4-9-2024 19:42:31-debug: Init bundle root assets success..., progress: 16%
4-9-2024 19:42:31-debug: Init bundle share assets start..., progress: 16%
4-9-2024 19:42:31-debug: Init bundle share assets success..., progress: 16%
4-9-2024 19:42:31-debug: handle json group in bundle internal
4-9-2024 19:42:31-debug: handle json group in bundle internal success
4-9-2024 19:42:31-debug: handle json group in bundle main success
4-9-2024 19:42:31-debug: init image compress task 0 in bundle internal
4-9-2024 19:42:31-debug: handle json group in bundle main
4-9-2024 19:42:31-debug: init image compress task 0 in bundle main
4-9-2024 19:42:31-debug: // ---- build task Query asset bundle ---- (134ms)
4-9-2024 19:42:31-debug: run build task Query asset bundle success in 134 ms√, progress: 21%
4-9-2024 19:42:31-debug: [Build Memory track]: Query asset bundle start:206.58MB, end 205.76MB, increase: -844.07KB
4-9-2024 19:42:31-debug: // ---- build task Query asset bundle ----
4-9-2024 19:42:31-debug: Query asset bundle start, progress: 21%
4-9-2024 19:42:31-debug: // ---- build task Query asset bundle ---- (52ms)
4-9-2024 19:42:31-debug: run build task Query asset bundle success in 52 ms√, progress: 26%
4-9-2024 19:42:31-debug: [Build Memory track]: Query asset bundle start:205.77MB, end 205.86MB, increase: 89.27KB
4-9-2024 19:42:31-debug: // ---- build task native：onAfterBundleDataTask ----
4-9-2024 19:42:31-debug: native:(onAfterBundleDataTask) start..., progress: 26%
4-9-2024 19:42:31-debug: // ---- build task native：onAfterBundleDataTask ---- (47ms)
4-9-2024 19:42:31-debug: Build script start, progress: 26%
4-9-2024 19:42:31-debug: native:(onAfterBundleDataTask) in 47 ms ✓, progress: 26%
4-9-2024 19:42:31-debug: // ---- build task Build script ----
4-9-2024 19:42:31-debug: Caught exception during build core-js: WebpackOptionsValidationError: Invalid configuration object. Webpack has been initialised using a configuration object that does not match the API schema. - configuration.entry should be an non-empty array.   -> A non-empty array of non-empty stringsThis may indicates the core-js polyfill is not necessary. See https://github.com/zloirock/core-js/issues/822
4-9-2024 19:42:31-debug: Generate systemJs..., progress: 26%
4-9-2024 19:42:35-debug: Build project script start..., progress: 26%
4-9-2024 19:42:35-debug: Build script in bundle start, progress: 26%
4-9-2024 19:42:35-log: Run build task(build-script) in child, see: chrome://inspect/#devices
4-9-2024 19:42:36-log: [build-script]enter sub process 19888, C:\ProgramData\cocos\editors\Creator\3.8.2\CocosCreator.exe,C:\ProgramData\cocos\editors\Creator\3.8.2\resources\app.asar\builtin\builder\static\sub-process-index
4-9-2024 19:42:38-warn: [build-script][[Build.Script.Rollup]] Circular dependency: file:///C:/Users/DELL/NewProject_1/assets/Scripts/GameCtrl.ts -> file:///C:/Users/DELL/NewProject_1/assets/Scripts/Ground.ts -> file:///C:/Users/DELL/NewProject_1/assets/Scripts/GameCtrl.ts
4-9-2024 19:42:40-debug: excute-script over with build-script 5124ms
4-9-2024 19:42:40-debug: Copy externalScripts success!
4-9-2024 19:42:40-debug: Build script in bundle success, progress: 26%
4-9-2024 19:42:40-debug: Build project script in (5289 ms) √, progress: 26%
4-9-2024 19:42:40-debug: Build engine start..., progress: 26%
4-9-2024 19:42:40-debug: Engine cache ({link(C:\Users\DELL\AppData\Local\Temp\CocosCreator\3.8.2\builder\engine\60605544a861760060f97ffe3fbd80b7)}) does not exist.
4-9-2024 19:42:40-log: Run build task(build-engine) in child, see: chrome://inspect/#devices
4-9-2024 19:42:41-log: [build-engine]enter sub process 18596, C:\ProgramData\cocos\editors\Creator\3.8.2\CocosCreator.exe,C:\ProgramData\cocos\editors\Creator\3.8.2\resources\app.asar\builtin\builder\static\sub-process-index
4-9-2024 19:42:43-log: [build-engine]Module source "internal-constants":function tryDefineGlobal (name, value) {    const _global = typeof window === 'undefined' ? global : window;    if (typeof _global[name] === 'undefined') {        return (_global[name] = value);    } else {        // eslint-disable-next-line @typescript-eslint/no-unsafe-return        return _global[name];    }}export const HTML5 = false;export const NATIVE = true;export const ANDROID = true;export const IOS = false;export const MAC = false;export const WINDOWS = false;export const LINUX = false;export const OHOS = false;export const OPEN_HARMONY = false;export const WECHAT = false;tryDefineGlobal('CC_WECHAT', false);export const WECHAT_MINI_PROGRAM = false;export const BAIDU = false;tryDefineGlobal('CC_BAIDU', false);export const XIAOMI = false;tryDefineGlobal('CC_XIAOMI', false);export const ALIPAY = false;tryDefineGlobal('CC_ALIPAY', false);export const TAOBAO = false;export const TAOBAO_MINIGAME = false;export const BYTEDANCE = false;tryDefineGlobal('CC_BYTEDANCE', false);export const OPPO = false;tryDefineGlobal('CC_OPPO', false);export const VIVO = false;tryDefineGlobal('CC_VIVO', false);export const HUAWEI = false;tryDefineGlobal('CC_HUAWEI', false);export const COCOSPLAY = false;tryDefineGlobal('CC_COCOSPLAY', false);export const QTT = false;tryDefineGlobal('CC_QTT', false);export const LINKSURE = false;tryDefineGlobal('CC_LINKSURE', false);export const EDITOR = false;tryDefineGlobal('CC_EDITOR', false);export const EDITOR_NOT_IN_PREVIEW = false;export const PREVIEW = false;tryDefineGlobal('CC_PREVIEW', false);export const BUILD = true;tryDefineGlobal('CC_BUILD', true);export const TEST = false;tryDefineGlobal('CC_TEST', false);export const DEBUG = false;tryDefineGlobal('CC_DEBUG', false);export const SERVER_MODE = false;export const DEV = false;tryDefineGlobal('CC_DEV', false);export const MINIGAME = false;tryDefineGlobal('CC_MINIGAME', false);export const RUNTIME_BASED = false;tryDefineGlobal('CC_RUNTIME_BASED', false);export const SUPPORT_JIT = true;tryDefineGlobal('CC_SUPPORT_JIT', true);export const JSB = true;tryDefineGlobal('CC_JSB', true);export const NOT_PACK_PHYSX_LIBS = false;export const NET_MODE = 0;export const WEBGPU = false;export const WASM_SUPPORT_MODE = 1;export const FORCE_BANNING_BULLET_WASM = false;export const CULL_ASM_JS_MODULE = false;export const WASM_FALLBACK = false;export const WASM_SUBPACKAGE = false;export const CULL_MESHOPT = true;
4-9-2024 19:42:43-log: [build-engine]Module source "cc":export * from 'C:\\ProgramData\\cocos\\editors\\Creator\\3.8.2\\resources\\resources\\3d\\engine\\exports\\2d.ts';export * from 'C:\\ProgramData\\cocos\\editors\\Creator\\3.8.2\\resources\\resources\\3d\\engine\\exports\\sorting.ts';export * from 'C:\\ProgramData\\cocos\\editors\\Creator\\3.8.2\\resources\\resources\\3d\\engine\\exports\\animation.ts';export * from 'C:\\ProgramData\\cocos\\editors\\Creator\\3.8.2\\resources\\resources\\3d\\engine\\exports\\audio.ts';export * from 'C:\\ProgramData\\cocos\\editors\\Creator\\3.8.2\\resources\\resources\\3d\\engine\\exports\\base.ts';export * from 'C:\\ProgramData\\cocos\\editors\\Creator\\3.8.2\\resources\\resources\\3d\\engine\\exports\\dragon-bones.ts';export * from 'C:\\ProgramData\\cocos\\editors\\Creator\\3.8.2\\resources\\resources\\3d\\engine\\exports\\intersection-2d.ts';export * from 'C:\\ProgramData\\cocos\\editors\\Creator\\3.8.2\\resources\\resources\\3d\\engine\\exports\\particle-2d.ts';export * from 'C:\\ProgramData\\cocos\\editors\\Creator\\3.8.2\\resources\\resources\\3d\\engine\\exports\\physics-2d-box2d.ts';export * from 'C:\\ProgramData\\cocos\\editors\\Creator\\3.8.2\\resources\\resources\\3d\\engine\\exports\\physics-2d-framework.ts';export * from 'C:\\ProgramData\\cocos\\editors\\Creator\\3.8.2\\resources\\resources\\3d\\engine\\exports\\profiler.ts';export * from 'C:\\ProgramData\\cocos\\editors\\Creator\\3.8.2\\resources\\resources\\3d\\engine\\exports\\spine.ts';export * from 'C:\\ProgramData\\cocos\\editors\\Creator\\3.8.2\\resources\\resources\\3d\\engine\\exports\\tiled-map.ts';export * from 'C:\\ProgramData\\cocos\\editors\\Creator\\3.8.2\\resources\\resources\\3d\\engine\\exports\\tween.ts';export * from 'C:\\ProgramData\\cocos\\editors\\Creator\\3.8.2\\resources\\resources\\3d\\engine\\exports\\ui.ts';export * from 'C:\\ProgramData\\cocos\\editors\\Creator\\3.8.2\\resources\\resources\\3d\\engine\\exports\\video.ts';export * from 'C:\\ProgramData\\cocos\\editors\\Creator\\3.8.2\\resources\\resources\\3d\\engine\\exports\\webview.ts';
4-9-2024 19:42:43-log: [build-engine]Redirect module C:\ProgramData\cocos\editors\Creator\3.8.2\resources\resources\3d\engine\cocos\root.ts to C:\ProgramData\cocos\editors\Creator\3.8.2\resources\resources\3d\engine\cocos\root.jsb.ts
4-9-2024 19:42:44-log: [build-engine]Redirect module internal:native to C:\ProgramData\cocos\editors\Creator\3.8.2\resources\resources\3d\engine\cocos\native-binding\impl.ts
4-9-2024 19:42:45-log: [build-engine]Redirect module C:\ProgramData\cocos\editors\Creator\3.8.2\resources\resources\3d\engine\cocos\rendering\index.ts to C:\ProgramData\cocos\editors\Creator\3.8.2\resources\resources\3d\engine\cocos\rendering\index.jsb.ts
4-9-2024 19:42:45-log: [build-engine]Redirect module C:\ProgramData\cocos\editors\Creator\3.8.2\resources\resources\3d\engine\cocos\gfx\index.ts to C:\ProgramData\cocos\editors\Creator\3.8.2\resources\resources\3d\engine\cocos\gfx\index.jsb.ts
4-9-2024 19:42:45-log: [build-engine]Redirect module C:\ProgramData\cocos\editors\Creator\3.8.2\resources\resources\3d\engine\cocos\dragon-bones\index.ts to C:\ProgramData\cocos\editors\Creator\3.8.2\resources\resources\3d\engine\cocos\dragon-bones\index.jsb.ts
4-9-2024 19:42:45-log: [build-engine]Redirect module C:\ProgramData\cocos\editors\Creator\3.8.2\resources\resources\3d\engine\cocos\scene-graph\index.ts to C:\ProgramData\cocos\editors\Creator\3.8.2\resources\resources\3d\engine\cocos\scene-graph\index.jsb.ts
4-9-2024 19:42:45-log: [build-engine]Redirect module C:\ProgramData\cocos\editors\Creator\3.8.2\resources\resources\3d\engine\cocos\spine\index.ts to C:\ProgramData\cocos\editors\Creator\3.8.2\resources\resources\3d\engine\cocos\spine\index.jsb.ts
4-9-2024 19:42:45-log: [build-engine]Redirect module C:\ProgramData\cocos\editors\Creator\3.8.2\resources\resources\3d\engine\cocos\scene-graph\node.ts to C:\ProgramData\cocos\editors\Creator\3.8.2\resources\resources\3d\engine\cocos\scene-graph\node.jsb.ts
4-9-2024 19:42:45-log: [build-engine]Redirect module C:\ProgramData\cocos\editors\Creator\3.8.2\resources\resources\3d\engine\cocos\asset\assets\index.ts to C:\ProgramData\cocos\editors\Creator\3.8.2\resources\resources\3d\engine\cocos\asset\assets\index.jsb.ts
4-9-2024 19:42:45-log: [build-engine]Redirect module C:\ProgramData\cocos\editors\Creator\3.8.2\resources\resources\3d\engine\cocos\asset\assets\material.ts to C:\ProgramData\cocos\editors\Creator\3.8.2\resources\resources\3d\engine\cocos\asset\assets\material.jsb.ts
4-9-2024 19:42:45-log: [build-engine]Redirect module pal/system-info to C:\ProgramData\cocos\editors\Creator\3.8.2\resources\resources\3d\engine\pal\system-info\native\system-info.ts
4-9-2024 19:42:48-log: [build-engine]Redirect module pal/audio to C:\ProgramData\cocos\editors\Creator\3.8.2\resources\resources\3d\engine\pal\audio\native\player.ts
4-9-2024 19:42:48-log: [build-engine]Redirect module pal/input to C:\ProgramData\cocos\editors\Creator\3.8.2\resources\resources\3d\engine\pal\input\native\index.ts
4-9-2024 19:42:48-log: [build-engine]Redirect module pal/env to C:\ProgramData\cocos\editors\Creator\3.8.2\resources\resources\3d\engine\pal\env\native\env.ts
4-9-2024 19:42:48-log: [build-engine]Redirect module pal/pacer to C:\ProgramData\cocos\editors\Creator\3.8.2\resources\resources\3d\engine\pal\pacer\pacer-native.ts
4-9-2024 19:42:48-log: The asset database is locked, asset operations(refresh) will delay response, please wait a moment.
4-9-2024 19:42:49-log: [build-engine]Redirect module C:\ProgramData\cocos\editors\Creator\3.8.2\resources\resources\3d\engine\cocos\render-scene\core\material-instance.ts to C:\ProgramData\cocos\editors\Creator\3.8.2\resources\resources\3d\engine\cocos\render-scene\core\material-instance.jsb.ts
4-9-2024 19:42:49-log: [build-engine]Redirect module C:\ProgramData\cocos\editors\Creator\3.8.2\resources\resources\3d\engine\cocos\render-scene\core\render-scene.ts to C:\ProgramData\cocos\editors\Creator\3.8.2\resources\resources\3d\engine\cocos\render-scene\core\render-scene.jsb.ts
4-9-2024 19:42:49-log: [build-engine]Redirect module C:\ProgramData\cocos\editors\Creator\3.8.2\resources\resources\3d\engine\cocos\render-scene\core\pass.ts to C:\ProgramData\cocos\editors\Creator\3.8.2\resources\resources\3d\engine\cocos\render-scene\core\pass.jsb.ts
4-9-2024 19:42:49-log: [build-engine]Redirect module C:\ProgramData\cocos\editors\Creator\3.8.2\resources\resources\3d\engine\cocos\render-scene\core\program-lib.ts to C:\ProgramData\cocos\editors\Creator\3.8.2\resources\resources\3d\engine\cocos\render-scene\core\program-lib.jsb.ts
4-9-2024 19:42:49-log: [build-engine]Redirect module pal/minigame to C:\ProgramData\cocos\editors\Creator\3.8.2\resources\resources\3d\engine\pal\minigame\non-minigame.ts
4-9-2024 19:42:49-log: [build-engine]Redirect module pal/screen-adapter to C:\ProgramData\cocos\editors\Creator\3.8.2\resources\resources\3d\engine\pal\screen-adapter\native\screen-adapter.ts
4-9-2024 19:42:50-log: [build-engine]Redirect module C:\ProgramData\cocos\editors\Creator\3.8.2\resources\resources\3d\engine\cocos\asset\asset-manager\builtin-res-mgr.ts to C:\ProgramData\cocos\editors\Creator\3.8.2\resources\resources\3d\engine\cocos\asset\asset-manager\builtin-res-mgr.jsb.ts
4-9-2024 19:42:50-log: [build-engine]Redirect module C:\ProgramData\cocos\editors\Creator\3.8.2\resources\resources\3d\engine\cocos\render-scene\scene\index.ts to C:\ProgramData\cocos\editors\Creator\3.8.2\resources\resources\3d\engine\cocos\render-scene\scene\index.jsb.ts
4-9-2024 19:42:51-log: [build-engine]Redirect module C:\ProgramData\cocos\editors\Creator\3.8.2\resources\resources\3d\engine\cocos\3d\assets\mesh.ts to C:\ProgramData\cocos\editors\Creator\3.8.2\resources\resources\3d\engine\cocos\3d\assets\mesh.jsb.ts
4-9-2024 19:42:51-log: [build-engine]Redirect module C:\ProgramData\cocos\editors\Creator\3.8.2\resources\resources\3d\engine\cocos\3d\models\morph-model.ts to C:\ProgramData\cocos\editors\Creator\3.8.2\resources\resources\3d\engine\cocos\3d\models\morph-model.jsb.ts
4-9-2024 19:42:51-log: [build-engine]Redirect module C:\ProgramData\cocos\editors\Creator\3.8.2\resources\resources\3d\engine\cocos\scene-graph\scene.ts to C:\ProgramData\cocos\editors\Creator\3.8.2\resources\resources\3d\engine\cocos\scene-graph\scene.jsb.ts
4-9-2024 19:42:51-log: [build-engine]Redirect module C:\ProgramData\cocos\editors\Creator\3.8.2\resources\resources\3d\engine\cocos\scene-graph\scene-globals.ts to C:\ProgramData\cocos\editors\Creator\3.8.2\resources\resources\3d\engine\cocos\scene-graph\scene-globals.jsb.ts
4-9-2024 19:42:52-log: [build-engine]Redirect module C:\ProgramData\cocos\editors\Creator\3.8.2\resources\resources\3d\engine\cocos\render-scene\scene\camera.ts to C:\ProgramData\cocos\editors\Creator\3.8.2\resources\resources\3d\engine\cocos\render-scene\scene\camera.jsb.ts
4-9-2024 19:42:52-log: [build-engine]Redirect module C:\ProgramData\cocos\editors\Creator\3.8.2\resources\resources\3d\engine\cocos\render-scene\scene\reflection-probe.ts to C:\ProgramData\cocos\editors\Creator\3.8.2\resources\resources\3d\engine\cocos\render-scene\scene\reflection-probe.jsb.ts
4-9-2024 19:42:52-log: [build-engine]Redirect module C:\ProgramData\cocos\editors\Creator\3.8.2\resources\resources\3d\engine\cocos\asset\assets\render-texture.ts to C:\ProgramData\cocos\editors\Creator\3.8.2\resources\resources\3d\engine\cocos\asset\assets\render-texture.jsb.ts
4-9-2024 19:42:53-log: [build-engine]Redirect module C:\ProgramData\cocos\editors\Creator\3.8.2\resources\resources\3d\engine\cocos\gfx\base\pipeline-state.ts to C:\ProgramData\cocos\editors\Creator\3.8.2\resources\resources\3d\engine\cocos\gfx\base\pipeline-state.jsb.ts
4-9-2024 19:42:54-log: [build-engine]Redirect module C:\ProgramData\cocos\editors\Creator\3.8.2\resources\resources\3d\engine\cocos\asset\assets\asset.ts to C:\ProgramData\cocos\editors\Creator\3.8.2\resources\resources\3d\engine\cocos\asset\assets\asset.jsb.ts
4-9-2024 19:42:54-log: [build-engine]Redirect module C:\ProgramData\cocos\editors\Creator\3.8.2\resources\resources\3d\engine\cocos\render-scene\scene\submodel.ts to C:\ProgramData\cocos\editors\Creator\3.8.2\resources\resources\3d\engine\cocos\render-scene\scene\submodel.jsb.ts
4-9-2024 19:42:54-log: [build-engine]Redirect module C:\ProgramData\cocos\editors\Creator\3.8.2\resources\resources\3d\engine\cocos\asset\assets\scene-asset.ts to C:\ProgramData\cocos\editors\Creator\3.8.2\resources\resources\3d\engine\cocos\asset\assets\scene-asset.jsb.ts
4-9-2024 19:42:54-log: [build-engine]Redirect module C:\ProgramData\cocos\editors\Creator\3.8.2\resources\resources\3d\engine\cocos\asset\assets\texture-2d.ts to C:\ProgramData\cocos\editors\Creator\3.8.2\resources\resources\3d\engine\cocos\asset\assets\texture-2d.jsb.ts
4-9-2024 19:42:54-log: [build-engine]Redirect module C:\ProgramData\cocos\editors\Creator\3.8.2\resources\resources\3d\engine\cocos\animation\marionette\runtime-exports.ts to C:\ProgramData\cocos\editors\Creator\3.8.2\resources\resources\3d\engine\cocos\animation\marionette\index-empty.ts
4-9-2024 19:42:54-log: [build-engine]Redirect module C:\ProgramData\cocos\editors\Creator\3.8.2\resources\resources\3d\engine\cocos\asset\assets\image-asset.ts to C:\ProgramData\cocos\editors\Creator\3.8.2\resources\resources\3d\engine\cocos\asset\assets\image-asset.jsb.ts
4-9-2024 19:42:55-log: [build-engine]Redirect module C:\ProgramData\cocos\editors\Creator\3.8.2\resources\resources\3d\engine\cocos\2d\renderer\native-2d.ts to C:\ProgramData\cocos\editors\Creator\3.8.2\resources\resources\3d\engine\cocos\2d\renderer\native-2d.jsb.ts
4-9-2024 19:42:55-log: [build-engine]Redirect module C:\ProgramData\cocos\editors\Creator\3.8.2\resources\resources\3d\engine\cocos\render-scene\core\native-pools.ts to C:\ProgramData\cocos\editors\Creator\3.8.2\resources\resources\3d\engine\cocos\render-scene\core\native-pools.jsb.ts
4-9-2024 19:42:56-log: [build-engine]Redirect module C:\ProgramData\cocos\editors\Creator\3.8.2\resources\resources\3d\engine\cocos\3d\misc\create-mesh.ts to C:\ProgramData\cocos\editors\Creator\3.8.2\resources\resources\3d\engine\cocos\3d\misc\create-mesh.jsb.ts
4-9-2024 19:42:56-log: [build-engine]Redirect module C:\ProgramData\cocos\editors\Creator\3.8.2\resources\resources\3d\engine\cocos\asset\assets\effect-asset.ts to C:\ProgramData\cocos\editors\Creator\3.8.2\resources\resources\3d\engine\cocos\asset\assets\effect-asset.jsb.ts
4-9-2024 19:42:56-log: [build-engine]Redirect module C:\ProgramData\cocos\editors\Creator\3.8.2\resources\resources\3d\engine\cocos\asset\assets\rendering-sub-mesh.ts to C:\ProgramData\cocos\editors\Creator\3.8.2\resources\resources\3d\engine\cocos\asset\assets\rendering-sub-mesh.jsb.ts
4-9-2024 19:42:56-log: [build-engine]Redirect module C:\ProgramData\cocos\editors\Creator\3.8.2\resources\resources\3d\engine\cocos\asset\assets\texture-cube.ts to C:\ProgramData\cocos\editors\Creator\3.8.2\resources\resources\3d\engine\cocos\asset\assets\texture-cube.jsb.ts
4-9-2024 19:42:56-log: [build-engine]Redirect module C:\ProgramData\cocos\editors\Creator\3.8.2\resources\resources\3d\engine\cocos\asset\assets\buffer-asset.ts to C:\ProgramData\cocos\editors\Creator\3.8.2\resources\resources\3d\engine\cocos\asset\assets\buffer-asset.jsb.ts
4-9-2024 19:42:56-log: [build-engine]Redirect module C:\ProgramData\cocos\editors\Creator\3.8.2\resources\resources\3d\engine\cocos\asset\assets\texture-base.ts to C:\ProgramData\cocos\editors\Creator\3.8.2\resources\resources\3d\engine\cocos\asset\assets\texture-base.jsb.ts
4-9-2024 19:42:58-log: [build-engine]Redirect module pal/wasm to C:\ProgramData\cocos\editors\Creator\3.8.2\resources\resources\3d\engine\pal\wasm\wasm-native.ts
4-9-2024 19:43:02-log: [build-engine]Redirect module C:\ProgramData\cocos\editors\Creator\3.8.2\resources\resources\3d\engine\cocos\render-scene\scene\model.ts to C:\ProgramData\cocos\editors\Creator\3.8.2\resources\resources\3d\engine\cocos\render-scene\scene\model.jsb.ts
4-9-2024 19:43:04-log: [build-engine]Rollup warning 'THIS_IS_UNDEFINED' is omitted for C:\ProgramData\cocos\editors\Creator\3.8.2\resources\resources\3d\engine\node_modules\@cocos\dragonbones-js\out\dragonBones.js
4-9-2024 19:43:04-log: [build-engine]Rollup warning 'THIS_IS_UNDEFINED' is omitted for C:\ProgramData\cocos\editors\Creator\3.8.2\resources\resources\3d\engine\node_modules\@cocos\dragonbones-js\out\dragonBones.js
4-9-2024 19:43:07-log: [build-engine]Redirect module C:\ProgramData\cocos\editors\Creator\3.8.2\resources\resources\3d\engine\cocos\asset\assets\simple-texture.ts to C:\ProgramData\cocos\editors\Creator\3.8.2\resources\resources\3d\engine\cocos\asset\assets\simple-texture.jsb.ts
4-9-2024 19:43:11-log: [build-engine]==== Performance ===={"# BUILD":[27934.128500044346,389951140,448017224],"## generate module graph":[24932.31759995222,327079448,385153972],"- plugin 0 (@cocos/ccbuild|external-loader) - resolveId":[28.304800927639008,3350476,535992268],"- plugin 0 (@cocos/ccbuild|external-loader) - resolveId (async)":[54.02489924430847,5627616,535993088],"- plugin 1 (@cocos/ccbuild|module-overrides) - resolveId":[8.733800292015076,590344,535994444],"- plugin 2 (virtual) - resolveId":[36.62319999933243,4239364,535999664],"load modules":[90110.13409906626,-458041832,532987404],"- plugin 0 (@cocos/ccbuild|external-loader) - load":[11.692499876022339,801912,471617736],"- plugin 0 (@cocos/ccbuild|external-loader) - load (async)":[277.3495002388954,6800788,471618200],"- plugin 1 (@cocos/ccbuild|module-overrides) - load":[13.830300331115723,344472,471618864],"- plugin 2 (virtual) - load":[2.4737002849578857,85572,471619264],"- plugin 6 (json) - transform":[6.52789980173111,716776,532991116],"- plugin 7 (commonjs) - transform":[475.9689999818802,19885372,532994044],"- plugin 8 (babel) - transform":[365.05709958076477,11693004,533018572],"generate ast":[1066.751399755478,29601960,538429224],"analyse ast":[1683.8427003622055,120324212,535978852],"- plugin 3 (@cocos/ccbuild|module-query-plugin) - resolveId":[41.125599682331085,6004116,536006972],"- plugin 3 (@cocos/ccbuild|module-query-plugin) - resolveId (async)":[364.89049768447876,28431768,536007920],"- plugin 4 (ts-paths) - resolveId":[7.9497010707855225,429140,536009132],"- plugin 5 (node-resolve) - resolveId":[60.07129907608032,7681916,536016912],"- plugin 5 (node-resolve) - resolveId (async)":[147797.28229790926,-35545621656,537750912],"- plugin 5 (node-resolve) - load":[2.633599638938904,88720,471619668],"- plugin 7 (commonjs) - load":[8.161100149154663,638708,471620980],"- plugin 8 (babel) - load":[744.0654002428055,5172200,471621376],"- plugin 8 (babel) - transform (async)":[13516.598099946976,511044312,537971428],"- plugin 7 (commonjs) - resolveId":[3.561100423336029,55748,536027256],"- plugin 8 (babel) - resolveId":[1.7232000827789307,38820,536027660],"- plugin 7 (commonjs) - resolveId (async)":[5163.59600007534,170826544,440865764],"- plugin 7 (commonjs) - load (async)":[5054.85790002346,-166651752,274225524],"## sort modules":[249.5700000524521,8213224,393367592],"## mark included statements":[2752.0559000372887,54647572,448015496],"treeshaking pass 1":[741.5450000166893,23466840,417166372],"treeshaking pass 2":[792.0356000065804,17023544,434190248],"treeshaking pass 3":[596.8665000200272,11549384,445739964],"treeshaking pass 4":[192.0531000494957,591108,446331404],"treeshaking pass 5":[149.5184000134468,-22016,446309720],"treeshaking pass 6":[80.14479994773865,3911748,450221800],"treeshaking pass 7":[67.84170001745224,-5782084,444440048],"treeshaking pass 8":[63.17929995059967,1811536,446251916],"treeshaking pass 9":[67.69069999456406,1762788,448015036]}====             ====
4-9-2024 19:43:24-log: The asset database is locked, asset operations(refresh) will delay response, please wait a moment.
4-9-2024 19:43:40-debug: excute-script over with build-engine 60239ms
4-9-2024 19:43:41-debug: Build engine in (60407 ms) √, progress: 26%
4-9-2024 19:43:41-debug: Generate import-map..., progress: 26%
4-9-2024 19:43:41-debug: Copy plugin script ..., progress: 26%
4-9-2024 19:43:41-debug: // ---- build task Build script ---- (69598ms)
4-9-2024 19:43:41-debug: run build task Build script success in 1 min 9 s√, progress: 31%
4-9-2024 19:43:41-debug: // ---- build task Build Assets ----
4-9-2024 19:43:41-debug: Build Assets start, progress: 31%
4-9-2024 19:43:41-debug: Build bundles..., progress: 31%
4-9-2024 19:43:41-debug: [Build Memory track]: Build script start:206.11MB, end 198.76MB, increase: -7527.93KB
4-9-2024 19:43:41-debug: Pack Images start, progress: 31%
4-9-2024 19:43:41-debug: builder:pack-auto-atlas-image (82ms)
4-9-2024 19:43:41-debug: Compress image start..., progress: 31%
4-9-2024 19:43:41-debug: Num of all image compress task 0, really: 0, configTasks: 0
4-9-2024 19:43:41-debug: sort compress task {}
4-9-2024 19:43:41-debug: No image need to compress
4-9-2024 19:43:41-debug: Ouput asset in bundles start, progress: 31%
4-9-2024 19:43:41-debug: Handle all json groups in bundle internal
4-9-2024 19:43:41-debug: handle json group
4-9-2024 19:43:41-debug: Handle all json groups in bundle main
4-9-2024 19:43:41-debug: handle json group
4-9-2024 19:43:41-debug: Pack Images success, progress: 31%
4-9-2024 19:43:41-debug: Compress image success..., progress: 31%
4-9-2024 19:43:41-debug: Json group(0e6657450) compile success，json number: 6
4-9-2024 19:43:41-debug: Json group(065e447e9) compile success，json number: 6
4-9-2024 19:43:41-debug: Json group(0b3902731) compile success，json number: 6
4-9-2024 19:43:41-debug: handle single json
4-9-2024 19:43:41-debug: Json group(0ca60d3e4) compile success，json number: 6
4-9-2024 19:43:41-debug: handle single json
4-9-2024 19:43:41-debug: Output asset in bundles success, progress: 31%
4-9-2024 19:43:41-debug: // ---- build task Build Assets ---- (275ms)
4-9-2024 19:43:41-debug: run build task Build Assets success in 275 ms√, progress: 36%
4-9-2024 19:43:41-debug: Add md5 suffix to assets start, progress: 36%
4-9-2024 19:43:41-debug: // ---- build task Add md5 suffix to assets ----
4-9-2024 19:43:41-debug: [Build Memory track]: Build Assets start:198.77MB, end 199.07MB, increase: 302.75KB
4-9-2024 19:43:41-debug: // ---- build task Add md5 suffix to assets ---- (42ms)
4-9-2024 19:43:41-debug: run build task Add md5 suffix to assets success in 42 ms√, progress: 41%
4-9-2024 19:43:41-debug: [Build Memory track]: Add md5 suffix to assets start:199.15MB, end 199.24MB, increase: 86.05KB
4-9-2024 19:43:41-debug: Query asset bundle start, progress: 41%
4-9-2024 19:43:41-debug: Output asset in bundles start, progress: 41%
4-9-2024 19:43:41-debug: compress config of bundle internal...
4-9-2024 19:43:41-debug: // ---- build task Query asset bundle ----
4-9-2024 19:43:41-debug: compress config of bundle internal success
4-9-2024 19:43:41-debug: compress config of bundle main success
4-9-2024 19:43:41-debug: compress config of bundle main...
4-9-2024 19:43:41-debug: output config of bundle internal success
4-9-2024 19:43:41-debug: ouput config of bundle internal
4-9-2024 19:43:41-debug: output config of bundle main success
4-9-2024 19:43:41-debug: Output asset in bundles success, progress: 41%
4-9-2024 19:43:41-debug: ouput config of bundle main
4-9-2024 19:43:41-debug: // ---- build task Query asset bundle ---- (85ms)
4-9-2024 19:43:41-debug: run build task Query asset bundle success in 85 ms√, progress: 46%
4-9-2024 19:43:41-debug: [Build Memory track]: Query asset bundle start:199.25MB, end 199.54MB, increase: 292.53KB
4-9-2024 19:43:41-debug: Sort some build options to settings.json start, progress: 46%
4-9-2024 19:43:41-debug: // ---- build task Sort some build options to settings.json ----
4-9-2024 19:43:41-debug: // ---- build task Sort some build options to settings.json ---- (56ms)
4-9-2024 19:43:41-debug: run build task Sort some build options to settings.json success in 56 ms√, progress: 47%
4-9-2024 19:43:41-debug: [Build Memory track]: Sort some build options to settings.json start:199.55MB, end 199.65MB, increase: 100.52KB
4-9-2024 19:43:41-debug: // ---- build task Fill script data to settings ----
4-9-2024 19:43:41-debug: Fill script data to settings start, progress: 47%
4-9-2024 19:43:41-debug: // ---- build task Fill script data to settings ---- (43ms)
4-9-2024 19:43:41-debug: run build task Fill script data to settings success in 43 ms√, progress: 49%
4-9-2024 19:43:41-debug: [Build Memory track]: Fill script data to settings start:199.67MB, end 199.75MB, increase: 85.41KB
4-9-2024 19:43:41-debug: // ---- build task Sort some build options to settings.json ----
4-9-2024 19:43:41-debug: Sort some build options to settings.json start, progress: 49%
4-9-2024 19:43:41-debug: // ---- build task Sort some build options to settings.json ---- (50ms)
4-9-2024 19:43:41-debug: run build task Sort some build options to settings.json success in 50 ms√, progress: 51%
4-9-2024 19:43:41-debug: [Build Memory track]: Sort some build options to settings.json start:199.76MB, end 199.09MB, increase: -686.50KB
4-9-2024 19:43:41-debug: // ---- build task cocos-service：onBeforeCompressSettings ----
4-9-2024 19:43:41-debug: cocos-service:(onBeforeCompressSettings) start..., progress: 51%
4-9-2024 19:43:42-debug: // ---- build task cocos-service：onBeforeCompressSettings ---- (454ms)
4-9-2024 19:43:42-debug: cocos-service:(onBeforeCompressSettings) in 454 ms ✓, progress: 53%
4-9-2024 19:43:42-debug: Save Settings.json start, progress: 53%
4-9-2024 19:43:42-debug: // ---- build task Save Settings.json ----
4-9-2024 19:43:42-debug: // ---- build task Save Settings.json ---- (40ms)
4-9-2024 19:43:42-debug: run build task Save Settings.json success in 40 ms√, progress: 55%
4-9-2024 19:43:42-debug: // ---- build task Sort build template ----
4-9-2024 19:43:42-debug: [Build Memory track]: Save Settings.json start:199.26MB, end 199.39MB, increase: 141.65KB
4-9-2024 19:43:42-debug: Sort build template start, progress: 55%
4-9-2024 19:43:42-debug: // ---- build task Sort build template ---- (144ms)
4-9-2024 19:43:42-debug: run build task Sort build template success in 144 ms√, progress: 58%
4-9-2024 19:43:42-debug: // ---- build task native：onAfterCompressSettings ----
4-9-2024 19:43:42-debug: [Build Memory track]: Sort build template start:199.41MB, end 200.02MB, increase: 627.45KB
4-9-2024 19:43:42-debug: native:(onAfterCompressSettings) start..., progress: 58%
4-9-2024 19:43:42-debug: generateCMakeConfig, {"CC_USE_GLES3":"set(CC_USE_GLES3 ON)","CC_USE_GLES2":"set(CC_USE_GLES2 ON)","USE_SERVER_MODE":"set(USE_SERVER_MODE OFF)","NET_MODE":"set(NET_MODE 0)","XXTEAKEY":"","CC_ENABLE_SWAPPY":"set(CC_ENABLE_SWAPPY OFF)","APP_NAME":"set(APP_NAME \"NewProject_1\")","COCOS_X_PATH":"set(COCOS_X_PATH \"C:/ProgramData/cocos/editors/Creator/3.8.2/resources/resources/3d/engine/native\")","USE_JOB_SYSTEM_TASKFLOW":"set(USE_JOB_SYSTEM_TASKFLOW OFF)","USE_JOB_SYSTEM_TBB":"set(USE_JOB_SYSTEM_TBB OFF)","ENABLE_FLOAT_OUTPUT":"set(ENABLE_FLOAT_OUTPUT OFF)","USE_PHYSICS_PHYSX":"set(USE_PHYSICS_PHYSX OFF)","USE_OCCLUSION_QUERY":"set(USE_OCCLUSION_QUERY OFF)","USE_GEOMETRY_RENDERER":"set(USE_GEOMETRY_RENDERER OFF)","USE_DEBUG_RENDERER":"set(USE_DEBUG_RENDERER OFF)","USE_AUDIO":"set(USE_AUDIO ON)","USE_VIDEO":"set(USE_VIDEO ON)","USE_WEBVIEW":"set(USE_WEBVIEW ON)","USE_SOCKET":"set(USE_SOCKET OFF)","USE_WEBSOCKET_SERVER":"set(USE_WEBSOCKET_SERVER OFF)","USE_SPINE":"set(USE_SPINE ON)","USE_DRAGONBONES":"set(USE_DRAGONBONES ON)","CC_USE_VULKAN":"set(CC_USE_VULKAN OFF)"}
4-9-2024 19:43:42-log: While replace template content, file C:\Users\DELL\NewProject_1\build\android\proj\main.cpp
4-9-2024 19:43:42-log: While replace template content, file C:\Users\DELL\NewProject_1\build\android\proj\main.m
4-9-2024 19:43:42-log: While replace template content, file C:\Users\DELL\NewProject_1\native\engine\android/entry/src/main/config.json
4-9-2024 19:43:42-log: update settings.properties
4-9-2024 19:43:42-log: update gradle.properties
4-9-2024 19:43:42-log: AndroidAPI level 26
4-9-2024 19:43:42-log: android instant not configured
4-9-2024 19:43:42-debug: // ---- build task native：onAfterCompressSettings ---- (201ms)
4-9-2024 19:43:42-debug: cocos-service:(onAfterCompressSettings) start..., progress: 60%
4-9-2024 19:43:42-debug: native:(onAfterCompressSettings) in 201 ms ✓, progress: 60%
4-9-2024 19:43:42-debug: // ---- build task cocos-service：onAfterCompressSettings ----
4-9-2024 19:43:42-debug: // ---- build task cocos-service：onAfterCompressSettings ---- (297ms)
4-9-2024 19:43:42-debug: cocos-service:(onAfterCompressSettings) in 297 ms ✓, progress: 62%
4-9-2024 19:43:42-debug: // ---- build task native：onAfterBuild ----
4-9-2024 19:43:42-debug: native:(onAfterBuild) start..., progress: 62%
4-9-2024 19:43:42-debug: // ---- build task native：onAfterBuild ---- (40ms)
4-9-2024 19:43:42-debug: native:(onAfterBuild) in 40 ms ✓, progress: 64%
4-9-2024 19:43:42-debug: cocos-service:(onAfterBuild) start..., progress: 64%
4-9-2024 19:43:42-debug: // ---- build task cocos-service：onAfterBuild ----
4-9-2024 19:43:43-debug: // ---- build task cocos-service：onAfterBuild ---- (256ms)
4-9-2024 19:43:43-debug: cocos-service:(onAfterBuild) in 256 ms ✓, progress: 67%
4-9-2024 19:43:43-debug: // ---- build task adsense-h5g-plugin：onAfterBuild ----
4-9-2024 19:43:43-debug: adsense-h5g-plugin:(onAfterBuild) start..., progress: 67%
4-9-2024 19:43:43-debug: // ---- build task adsense-h5g-plugin：onAfterBuild ---- (53ms)
4-9-2024 19:43:43-log: Asset DB is resume!
4-9-2024 19:43:43-debug: adsense-h5g-plugin:(onAfterBuild) in 53 ms ✓, progress: 69%
4-9-2024 19:43:43-debug: builder:build-project-total (73399ms)
4-9-2024 19:43:43-debug: build success in 73399!
4-9-2024 19:43:43-debug: [Build Memory track]: builder:build-project-total start:205.50MB, end 202.31MB, increase: -3274.99KB
4-9-2024 19:43:43-debug: ================================ build Task (android) Finished in (1 min 13 s)ms ================================
4-9-2024 19:43:43-debug: Stop record console. {file(C:\Users\DELL\NewProject_1\temp\builder\log\android9-4-2024 19-24.log)}
4-9-2024 19:43:43-debug: refresh db internal success
4-9-2024 19:43:43-debug: refresh db assets success
4-9-2024 19:43:43-debug: Run asset db hook engine-extends:afterRefresh ...
4-9-2024 19:43:43-debug: Run asset db hook engine-extends:afterRefresh success!
4-9-2024 19:43:43-debug: asset-db:refresh-all-database (485ms)
4-9-2024 19:43:43-debug: asset-db:worker-effect-data-processing (114ms)
4-9-2024 19:43:43-debug: asset-db-hook-engine-extends-afterRefresh (115ms)
4-9-2024 19:43:45-debug: refresh db internal success
4-9-2024 19:43:45-debug: refresh db assets success
4-9-2024 19:43:45-debug: Run asset db hook engine-extends:afterRefresh ...
4-9-2024 19:43:45-debug: Run asset db hook engine-extends:afterRefresh success!
4-9-2024 19:43:45-debug: asset-db:refresh-all-database (120ms)
4-9-2024 19:43:45-debug: asset-db:worker-effect-data-processing (1ms)
4-9-2024 19:43:45-debug: asset-db-hook-engine-extends-afterRefresh (1ms)
4-9-2024 19:44:15-debug: refresh db internal success
4-9-2024 19:44:15-debug: refresh db assets success
4-9-2024 19:44:15-debug: Run asset db hook engine-extends:afterRefresh ...
4-9-2024 19:44:15-debug: Run asset db hook engine-extends:afterRefresh success!
4-9-2024 19:44:15-debug: asset-db:refresh-all-database (244ms)
4-9-2024 19:44:15-debug: asset-db-hook-engine-extends-afterRefresh (2ms)
4-9-2024 19:44:15-debug: asset-db:worker-effect-data-processing (1ms)
